<?xml version="1.0" encoding="UTF-8"?>
<robot generator="Robot 3.2.1 (Python 3.9.5 on win32)" generated="20210720 16:38:04.507" rpa="false">
<suite id="s1" name="Powerbuy" source="C:\Users\sonpt2\Desktop\PowerBuyE2E\testcases\powerbuy.robot">
<kw name="Perform suite set up" type="setup">
<kw name="Set Global Variable" library="BuiltIn">
<doc>Makes a variable available globally in all tests and suites.</doc>
<arguments>
<arg>${language}</arg>
</arguments>
<msg timestamp="20210720 16:38:04.696" level="INFO">${language} = EN</msg>
<status status="PASS" starttime="20210720 16:38:04.696" endtime="20210720 16:38:04.696"></status>
</kw>
<kw name="Log To Console" library="BuiltIn">
<doc>Logs the given message to the console.</doc>
<arguments>
<arg>Performing test for language: ${language}</arg>
</arguments>
<status status="PASS" starttime="20210720 16:38:04.696" endtime="20210720 16:38:04.697"></status>
</kw>
<status status="PASS" starttime="20210720 16:38:04.696" endtime="20210720 16:38:04.697"></status>
</kw>
<test id="s1-t1" name="Test Case 1: Verify default text of SearchInput and default search suggestion">
<kw name="Open" library="common" type="setup">
<arguments>
<arg>${testdata.url}</arg>
<arg>Chrome</arg>
</arguments>
<kw name="Open Browser" library="SeleniumLibrary">
<doc>Opens a new browser instance to the optional ``url``.</doc>
<arguments>
<arg>${URL}</arg>
<arg>${BROWSER}</arg>
</arguments>
<msg timestamp="20210720 16:38:04.698" level="INFO">Opening browser 'Chrome' to base url 'https://www.powerbuy.co.th/en'.</msg>
<status status="PASS" starttime="20210720 16:38:04.698" endtime="20210720 16:38:55.783"></status>
</kw>
<kw name="Maximize Browser Window" library="SeleniumLibrary">
<doc>Maximizes current browser window.</doc>
<status status="PASS" starttime="20210720 16:38:55.783" endtime="20210720 16:38:56.435"></status>
</kw>
<status status="PASS" starttime="20210720 16:38:04.698" endtime="20210720 16:38:56.435"></status>
</kw>
<kw name="Verify default text of search textbox" library="homePage">
<arguments>
<arg>${testdata.defaultInputSearchTxt}</arg>
</arguments>
<kw name="GetElementAttribute" library="common">
<arguments>
<arg>${homePageLocator.inputSearch}</arg>
<arg>placeholder</arg>
</arguments>
<assign>
<var>${defaultTxt}</var>
</assign>
<kw name="Wait Until Page Contains Element" library="SeleniumLibrary">
<doc>Waits until the element ``locator`` appears on the current page.</doc>
<arguments>
<arg>${locator}</arg>
<arg>timeout=${GLOBALTIMEOUT}</arg>
</arguments>
<status status="PASS" starttime="20210720 16:38:56.438" endtime="20210720 16:38:56.768"></status>
</kw>
<kw name="Wait Until Element Is Visible" library="SeleniumLibrary">
<doc>Waits until the element ``locator`` is visible.</doc>
<arguments>
<arg>${locator}</arg>
<arg>timeout=${GLOBALTIMEOUT}</arg>
</arguments>
<status status="PASS" starttime="20210720 16:38:56.768" endtime="20210720 16:38:56.998"></status>
</kw>
<kw name="Get Element Attribute" library="SeleniumLibrary">
<doc>Returns the value of ``attribute`` from the element ``locator``.</doc>
<arguments>
<arg>${locator}</arg>
<arg>${attr}</arg>
</arguments>
<assign>
<var>${attrValue}</var>
</assign>
<msg timestamp="20210720 16:38:57.073" level="INFO">${attrValue} = I am looking for...</msg>
<status status="PASS" starttime="20210720 16:38:56.998" endtime="20210720 16:38:57.073"></status>
</kw>
<msg timestamp="20210720 16:38:57.074" level="INFO">${defaultTxt} = I am looking for...</msg>
<status status="PASS" starttime="20210720 16:38:56.437" endtime="20210720 16:38:57.074"></status>
</kw>
<kw name="Log To Console" library="BuiltIn">
<doc>Logs the given message to the console.</doc>
<arguments>
<arg>${defaultTxt}</arg>
</arguments>
<status status="PASS" starttime="20210720 16:38:57.074" endtime="20210720 16:38:57.075"></status>
</kw>
<kw name="Should Be Equal" library="BuiltIn">
<doc>Fails if the given objects are unequal.</doc>
<arguments>
<arg>${defaultTxt}</arg>
<arg>${default}</arg>
<arg>Default text of searchInput is not ${default}</arg>
</arguments>
<status status="PASS" starttime="20210720 16:38:57.075" endtime="20210720 16:38:57.075"></status>
</kw>
<status status="PASS" starttime="20210720 16:38:56.436" endtime="20210720 16:38:57.075"></status>
</kw>
<kw name="Verify searching by default suggestion" library="homePage">
<kw name="Click" library="common">
<arguments>
<arg>${homePageLocator.inputSearch}</arg>
</arguments>
<kw name="Wait Until Page Contains Element" library="SeleniumLibrary">
<doc>Waits until the element ``locator`` appears on the current page.</doc>
<arguments>
<arg>${locator}</arg>
<arg>timeout=${GLOBALTIMEOUT}</arg>
</arguments>
<status status="PASS" starttime="20210720 16:38:57.077" endtime="20210720 16:38:57.119"></status>
</kw>
<kw name="Wait Until Element Is Visible" library="SeleniumLibrary">
<doc>Waits until the element ``locator`` is visible.</doc>
<arguments>
<arg>${locator}</arg>
<arg>timeout=${GLOBALTIMEOUT}</arg>
</arguments>
<status status="PASS" starttime="20210720 16:38:57.120" endtime="20210720 16:38:57.248"></status>
</kw>
<kw name="Click Element" library="SeleniumLibrary">
<doc>Click the element identified by ``locator``.</doc>
<arguments>
<arg>${locator}</arg>
</arguments>
<msg timestamp="20210720 16:38:57.248" level="INFO">Clicking element 'xpath=//div[contains(@class, 'Media__HideMobile')]//input[@id='txt-searchBox-input']'.</msg>
<status status="PASS" starttime="20210720 16:38:57.248" endtime="20210720 16:38:57.389"></status>
</kw>
<status status="PASS" starttime="20210720 16:38:57.076" endtime="20210720 16:38:57.389"></status>
</kw>
<kw name="Wait for visibility of Element" library="common">
<arguments>
<arg>${homePageLocator.defaultSuggestContainer}</arg>
</arguments>
<kw name="Wait Until Page Contains Element" library="SeleniumLibrary">
<doc>Waits until the element ``locator`` appears on the current page.</doc>
<arguments>
<arg>${locator}</arg>
<arg>timeout=${GLOBALTIMEOUT}</arg>
</arguments>
<status status="PASS" starttime="20210720 16:38:57.391" endtime="20210720 16:38:57.744"></status>
</kw>
<kw name="Wait Until Element Is Visible" library="SeleniumLibrary">
<doc>Waits until the element ``locator`` is visible.</doc>
<arguments>
<arg>${locator}</arg>
<arg>timeout=${GLOBALTIMEOUT}</arg>
</arguments>
<status status="PASS" starttime="20210720 16:38:57.745" endtime="20210720 16:38:57.785"></status>
</kw>
<status status="PASS" starttime="20210720 16:38:57.390" endtime="20210720 16:38:57.785"></status>
</kw>
<kw name="Get random item in suggestion container" library="homePage">
<assign>
<var>@{suggestInfo}</var>
</assign>
<kw name="Get WebElements" library="SeleniumLibrary">
<doc>Returns a list of WebElement objects matching the ``locator``.</doc>
<arguments>
<arg>${homePageLocator.defaultSuggestItem}</arg>
</arguments>
<assign>
<var>${list}</var>
</assign>
<msg timestamp="20210720 16:38:57.824" level="INFO">${list} = [&lt;selenium.webdriver.remote.webelement.WebElement (session="4bf1e4de1687091f4b483bed1fa0e443", element="a3554896-ab3b-4e00-9962-404a6d636eb5")&gt;, &lt;selenium.webdriver.remote.webelement.WebElement (sessi...</msg>
<status status="PASS" starttime="20210720 16:38:57.785" endtime="20210720 16:38:57.824"></status>
</kw>
<kw name="Get Length" library="BuiltIn">
<doc>Returns and logs the length of the given item as an integer.</doc>
<arguments>
<arg>${list}</arg>
</arguments>
<assign>
<var>${number_item}</var>
</assign>
<msg timestamp="20210720 16:38:57.824" level="INFO">Length is 12</msg>
<msg timestamp="20210720 16:38:57.824" level="INFO">${number_item} = 12</msg>
<status status="PASS" starttime="20210720 16:38:57.824" endtime="20210720 16:38:57.824"></status>
</kw>
<kw name="Log To Console" library="BuiltIn">
<doc>Logs the given message to the console.</doc>
<arguments>
<arg>${number_item}</arg>
</arguments>
<status status="PASS" starttime="20210720 16:38:57.824" endtime="20210720 16:38:57.825"></status>
</kw>
<kw name="Evaluate" library="BuiltIn">
<doc>Evaluates the given expression in Python and returns the result.</doc>
<arguments>
<arg>random.randint(1, ${number_item})</arg>
<arg>random</arg>
</arguments>
<assign>
<var>${randomNum}</var>
</assign>
<msg timestamp="20210720 16:38:57.825" level="INFO">${randomNum} = 4</msg>
<status status="PASS" starttime="20210720 16:38:57.825" endtime="20210720 16:38:57.825"></status>
</kw>
<kw name="Convert To String" library="BuiltIn">
<doc>Converts the given item to a Unicode string.</doc>
<arguments>
<arg>${randomNum}</arg>
</arguments>
<assign>
<var>${txtRandomNum}</var>
</assign>
<msg timestamp="20210720 16:38:57.826" level="INFO">${txtRandomNum} = 4</msg>
<status status="PASS" starttime="20210720 16:38:57.825" endtime="20210720 16:38:57.826"></status>
</kw>
<kw name="Format String" library="String">
<doc>Formats a ``template`` using the given ``positional`` and ``named`` arguments.</doc>
<arguments>
<arg>${homePageLocator.defaultSuggestItemName}</arg>
<arg>position=${txtRandomNum}</arg>
</arguments>
<assign>
<var>${itemTextLocator}</var>
</assign>
<msg timestamp="20210720 16:38:57.826" level="INFO">${itemTextLocator} = xpath=(//div[contains(@class, 'SearchBox__SuggestionContainerDesktop')]//div[@data-suggestion-label])[4]//div[1]</msg>
<status status="PASS" starttime="20210720 16:38:57.826" endtime="20210720 16:38:57.826"></status>
</kw>
<kw name="Format String" library="String">
<doc>Formats a ``template`` using the given ``positional`` and ``named`` arguments.</doc>
<arguments>
<arg>${homePageLocator.defaultSuggestItemResult}</arg>
<arg>position=${txtRandomNum}</arg>
</arguments>
<assign>
<var>${itemResultLocator}</var>
</assign>
<msg timestamp="20210720 16:38:57.827" level="INFO">${itemResultLocator} = xpath=(//div[contains(@class, 'SearchBox__SuggestionContainerDesktop')]//div[@data-suggestion-label])[4]//div[2]</msg>
<status status="PASS" starttime="20210720 16:38:57.826" endtime="20210720 16:38:57.827"></status>
</kw>
<kw name="GetTxt" library="common">
<arguments>
<arg>${itemTextLocator}</arg>
</arguments>
<assign>
<var>${itemText}</var>
</assign>
<kw name="Wait Until Page Contains Element" library="SeleniumLibrary">
<doc>Waits until the element ``locator`` appears on the current page.</doc>
<arguments>
<arg>${locator}</arg>
<arg>timeout=${GLOBALTIMEOUT}</arg>
</arguments>
<status status="PASS" starttime="20210720 16:38:57.828" endtime="20210720 16:38:57.856"></status>
</kw>
<kw name="Wait Until Element Is Visible" library="SeleniumLibrary">
<doc>Waits until the element ``locator`` is visible.</doc>
<arguments>
<arg>${locator}</arg>
<arg>timeout=${GLOBALTIMEOUT}</arg>
</arguments>
<status status="PASS" starttime="20210720 16:38:57.856" endtime="20210720 16:38:57.899"></status>
</kw>
<kw name="Get Text" library="SeleniumLibrary">
<doc>Returns the text value of the element identified by ``locator``.</doc>
<arguments>
<arg>${locator}</arg>
</arguments>
<assign>
<var>${text}</var>
</assign>
<msg timestamp="20210720 16:38:57.949" level="INFO">${text} = Samsung</msg>
<status status="PASS" starttime="20210720 16:38:57.899" endtime="20210720 16:38:57.949"></status>
</kw>
<kw name="Log" library="BuiltIn">
<doc>Logs the given message with the given level.</doc>
<arguments>
<arg>${text}</arg>
</arguments>
<msg timestamp="20210720 16:38:57.949" level="INFO">Samsung</msg>
<status status="PASS" starttime="20210720 16:38:57.949" endtime="20210720 16:38:57.949"></status>
</kw>
<msg timestamp="20210720 16:38:57.949" level="INFO">${itemText} = Samsung</msg>
<status status="PASS" starttime="20210720 16:38:57.827" endtime="20210720 16:38:57.949"></status>
</kw>
<kw name="GetTxt" library="common">
<arguments>
<arg>${itemResultLocator}</arg>
</arguments>
<assign>
<var>${itemResult}</var>
</assign>
<kw name="Wait Until Page Contains Element" library="SeleniumLibrary">
<doc>Waits until the element ``locator`` appears on the current page.</doc>
<arguments>
<arg>${locator}</arg>
<arg>timeout=${GLOBALTIMEOUT}</arg>
</arguments>
<status status="PASS" starttime="20210720 16:38:57.950" endtime="20210720 16:38:58.107"></status>
</kw>
<kw name="Wait Until Element Is Visible" library="SeleniumLibrary">
<doc>Waits until the element ``locator`` is visible.</doc>
<arguments>
<arg>${locator}</arg>
<arg>timeout=${GLOBALTIMEOUT}</arg>
</arguments>
<status status="PASS" starttime="20210720 16:38:58.107" endtime="20210720 16:38:58.150"></status>
</kw>
<kw name="Get Text" library="SeleniumLibrary">
<doc>Returns the text value of the element identified by ``locator``.</doc>
<arguments>
<arg>${locator}</arg>
</arguments>
<assign>
<var>${text}</var>
</assign>
<msg timestamp="20210720 16:38:58.181" level="INFO">${text} = 135 result(s)</msg>
<status status="PASS" starttime="20210720 16:38:58.151" endtime="20210720 16:38:58.181"></status>
</kw>
<kw name="Log" library="BuiltIn">
<doc>Logs the given message with the given level.</doc>
<arguments>
<arg>${text}</arg>
</arguments>
<msg timestamp="20210720 16:38:58.182" level="INFO">135 result(s)</msg>
<status status="PASS" starttime="20210720 16:38:58.182" endtime="20210720 16:38:58.182"></status>
</kw>
<msg timestamp="20210720 16:38:58.182" level="INFO">${itemResult} = 135 result(s)</msg>
<status status="PASS" starttime="20210720 16:38:57.950" endtime="20210720 16:38:58.182"></status>
</kw>
<kw name="Split String" library="String">
<doc>Splits the ``string`` using ``separator`` as a delimiter string.</doc>
<arguments>
<arg>${itemResult}</arg>
</arguments>
<assign>
<var>@{words}</var>
</assign>
<msg timestamp="20210720 16:38:58.182" level="INFO">@{words} = [ 135 | result(s) ]</msg>
<status status="PASS" starttime="20210720 16:38:58.182" endtime="20210720 16:38:58.182"></status>
</kw>
<kw name="Create List" library="BuiltIn">
<doc>Returns a list containing given items.</doc>
<assign>
<var>@{list}</var>
</assign>
<msg timestamp="20210720 16:38:58.183" level="INFO">@{list} = [ ]</msg>
<status status="PASS" starttime="20210720 16:38:58.183" endtime="20210720 16:38:58.183"></status>
</kw>
<kw name="Append To List" library="Collections">
<doc>Adds ``values`` to the end of ``list``.</doc>
<arguments>
<arg>${list}</arg>
<arg>${itemText}</arg>
</arguments>
<status status="PASS" starttime="20210720 16:38:58.183" endtime="20210720 16:38:58.183"></status>
</kw>
<kw name="Append To List" library="Collections">
<doc>Adds ``values`` to the end of ``list``.</doc>
<arguments>
<arg>${list}</arg>
<arg>${words[0]}</arg>
</arguments>
<status status="PASS" starttime="20210720 16:38:58.183" endtime="20210720 16:38:58.183"></status>
</kw>
<kw name="Click" library="common">
<arguments>
<arg>${itemTextLocator}</arg>
</arguments>
<kw name="Wait Until Page Contains Element" library="SeleniumLibrary">
<doc>Waits until the element ``locator`` appears on the current page.</doc>
<arguments>
<arg>${locator}</arg>
<arg>timeout=${GLOBALTIMEOUT}</arg>
</arguments>
<status status="PASS" starttime="20210720 16:38:58.184" endtime="20210720 16:38:58.202"></status>
</kw>
<kw name="Wait Until Element Is Visible" library="SeleniumLibrary">
<doc>Waits until the element ``locator`` is visible.</doc>
<arguments>
<arg>${locator}</arg>
<arg>timeout=${GLOBALTIMEOUT}</arg>
</arguments>
<status status="PASS" starttime="20210720 16:38:58.202" endtime="20210720 16:38:58.234"></status>
</kw>
<kw name="Click Element" library="SeleniumLibrary">
<doc>Click the element identified by ``locator``.</doc>
<arguments>
<arg>${locator}</arg>
</arguments>
<msg timestamp="20210720 16:38:58.234" level="INFO">Clicking element 'xpath=(//div[contains(@class, 'SearchBox__SuggestionContainerDesktop')]//div[@data-suggestion-label])[4]//div[1]'.</msg>
<status status="PASS" starttime="20210720 16:38:58.234" endtime="20210720 16:38:58.554"></status>
</kw>
<status status="PASS" starttime="20210720 16:38:58.183" endtime="20210720 16:38:58.554"></status>
</kw>
<kw name="Log To Console" library="BuiltIn">
<doc>Logs the given message to the console.</doc>
<arguments>
<arg>${list}</arg>
</arguments>
<status status="PASS" starttime="20210720 16:38:58.554" endtime="20210720 16:38:58.554"></status>
</kw>
<msg timestamp="20210720 16:38:58.555" level="INFO">@{suggestInfo} = [ Samsung | 135 ]</msg>
<status status="PASS" starttime="20210720 16:38:57.785" endtime="20210720 16:38:58.555"></status>
</kw>
<kw name="Set Variable" library="BuiltIn">
<doc>Returns the given values which can then be assigned to a variables.</doc>
<arguments>
<arg>${suggestInfo}[0]</arg>
</arguments>
<assign>
<var>${suggestText}</var>
</assign>
<msg timestamp="20210720 16:38:58.555" level="INFO">${suggestText} = Samsung</msg>
<status status="PASS" starttime="20210720 16:38:58.555" endtime="20210720 16:38:58.556"></status>
</kw>
<kw name="Set Variable" library="BuiltIn">
<doc>Returns the given values which can then be assigned to a variables.</doc>
<arguments>
<arg>${suggestInfo}[1]</arg>
</arguments>
<assign>
<var>${suggestNumberResult}</var>
</assign>
<msg timestamp="20210720 16:38:58.556" level="INFO">${suggestNumberResult} = 135</msg>
<status status="PASS" starttime="20210720 16:38:58.556" endtime="20210720 16:38:58.556"></status>
</kw>
<kw name="Verify search result page displayed" library="homePage">
<kw name="Wait for visibility of Element" library="common">
<arguments>
<arg>${homePageLocator.searchResultTitle}</arg>
</arguments>
<kw name="Wait Until Page Contains Element" library="SeleniumLibrary">
<doc>Waits until the element ``locator`` appears on the current page.</doc>
<arguments>
<arg>${locator}</arg>
<arg>timeout=${GLOBALTIMEOUT}</arg>
</arguments>
<status status="PASS" starttime="20210720 16:38:58.557" endtime="20210720 16:39:01.756"></status>
</kw>
<kw name="Wait Until Element Is Visible" library="SeleniumLibrary">
<doc>Waits until the element ``locator`` is visible.</doc>
<arguments>
<arg>${locator}</arg>
<arg>timeout=${GLOBALTIMEOUT}</arg>
</arguments>
<status status="PASS" starttime="20210720 16:39:01.756" endtime="20210720 16:39:01.818"></status>
</kw>
<status status="PASS" starttime="20210720 16:38:58.556" endtime="20210720 16:39:01.819"></status>
</kw>
<status status="PASS" starttime="20210720 16:38:58.556" endtime="20210720 16:39:01.819"></status>
</kw>
<kw name="Wait for loading indicator to disapear" library="homePage">
<kw name="Wait Until Page Does Not Contain Element" library="SeleniumLibrary">
<doc>Waits until the element ``locator`` disappears from the current page.</doc>
<arguments>
<arg>${homePageLocator.loadingIndicator}</arg>
<arg>timeout=${GLOBALTIMEOUT}</arg>
</arguments>
<status status="PASS" starttime="20210720 16:39:01.819" endtime="20210720 16:39:02.901"></status>
</kw>
<status status="PASS" starttime="20210720 16:39:01.819" endtime="20210720 16:39:02.901"></status>
</kw>
<kw name="GetTxt" library="common">
<arguments>
<arg>${homePageLocator.searchResultTitle}</arg>
</arguments>
<assign>
<var>${title}</var>
</assign>
<kw name="Wait Until Page Contains Element" library="SeleniumLibrary">
<doc>Waits until the element ``locator`` appears on the current page.</doc>
<arguments>
<arg>${locator}</arg>
<arg>timeout=${GLOBALTIMEOUT}</arg>
</arguments>
<status status="PASS" starttime="20210720 16:39:02.901" endtime="20210720 16:39:02.946"></status>
</kw>
<kw name="Wait Until Element Is Visible" library="SeleniumLibrary">
<doc>Waits until the element ``locator`` is visible.</doc>
<arguments>
<arg>${locator}</arg>
<arg>timeout=${GLOBALTIMEOUT}</arg>
</arguments>
<status status="PASS" starttime="20210720 16:39:02.946" endtime="20210720 16:39:02.981"></status>
</kw>
<kw name="Get Text" library="SeleniumLibrary">
<doc>Returns the text value of the element identified by ``locator``.</doc>
<arguments>
<arg>${locator}</arg>
</arguments>
<assign>
<var>${text}</var>
</assign>
<msg timestamp="20210720 16:39:03.005" level="INFO">${text} = Results for "Samsung"</msg>
<status status="PASS" starttime="20210720 16:39:02.981" endtime="20210720 16:39:03.005"></status>
</kw>
<kw name="Log" library="BuiltIn">
<doc>Logs the given message with the given level.</doc>
<arguments>
<arg>${text}</arg>
</arguments>
<msg timestamp="20210720 16:39:03.006" level="INFO">Results for "Samsung"</msg>
<status status="PASS" starttime="20210720 16:39:03.005" endtime="20210720 16:39:03.006"></status>
</kw>
<msg timestamp="20210720 16:39:03.006" level="INFO">${title} = Results for "Samsung"</msg>
<status status="PASS" starttime="20210720 16:39:02.901" endtime="20210720 16:39:03.006"></status>
</kw>
<kw name="Get number of results in search result page" library="homePage">
<assign>
<var>${numberOfResult}</var>
</assign>
<kw name="Wait for visibility of Element" library="common">
<arguments>
<arg>${homePageLocator.txtNumberResult}</arg>
</arguments>
<kw name="Wait Until Page Contains Element" library="SeleniumLibrary">
<doc>Waits until the element ``locator`` appears on the current page.</doc>
<arguments>
<arg>${locator}</arg>
<arg>timeout=${GLOBALTIMEOUT}</arg>
</arguments>
<status status="PASS" starttime="20210720 16:39:03.007" endtime="20210720 16:39:03.029"></status>
</kw>
<kw name="Wait Until Element Is Visible" library="SeleniumLibrary">
<doc>Waits until the element ``locator`` is visible.</doc>
<arguments>
<arg>${locator}</arg>
<arg>timeout=${GLOBALTIMEOUT}</arg>
</arguments>
<status status="PASS" starttime="20210720 16:39:03.029" endtime="20210720 16:39:03.051"></status>
</kw>
<status status="PASS" starttime="20210720 16:39:03.006" endtime="20210720 16:39:03.051"></status>
</kw>
<kw name="GetTxt" library="common">
<arguments>
<arg>${homePageLocator.txtNumberResult}</arg>
</arguments>
<assign>
<var>${txt}</var>
</assign>
<kw name="Wait Until Page Contains Element" library="SeleniumLibrary">
<doc>Waits until the element ``locator`` appears on the current page.</doc>
<arguments>
<arg>${locator}</arg>
<arg>timeout=${GLOBALTIMEOUT}</arg>
</arguments>
<status status="PASS" starttime="20210720 16:39:03.052" endtime="20210720 16:39:03.065"></status>
</kw>
<kw name="Wait Until Element Is Visible" library="SeleniumLibrary">
<doc>Waits until the element ``locator`` is visible.</doc>
<arguments>
<arg>${locator}</arg>
<arg>timeout=${GLOBALTIMEOUT}</arg>
</arguments>
<status status="PASS" starttime="20210720 16:39:03.065" endtime="20210720 16:39:03.095"></status>
</kw>
<kw name="Get Text" library="SeleniumLibrary">
<doc>Returns the text value of the element identified by ``locator``.</doc>
<arguments>
<arg>${locator}</arg>
</arguments>
<assign>
<var>${text}</var>
</assign>
<msg timestamp="20210720 16:39:03.118" level="INFO">${text} = 514 item(s) found</msg>
<status status="PASS" starttime="20210720 16:39:03.096" endtime="20210720 16:39:03.118"></status>
</kw>
<kw name="Log" library="BuiltIn">
<doc>Logs the given message with the given level.</doc>
<arguments>
<arg>${text}</arg>
</arguments>
<msg timestamp="20210720 16:39:03.118" level="INFO">514 item(s) found</msg>
<status status="PASS" starttime="20210720 16:39:03.118" endtime="20210720 16:39:03.118"></status>
</kw>
<msg timestamp="20210720 16:39:03.119" level="INFO">${txt} = 514 item(s) found</msg>
<status status="PASS" starttime="20210720 16:39:03.051" endtime="20210720 16:39:03.119"></status>
</kw>
<kw name="Split String" library="String">
<doc>Splits the ``string`` using ``separator`` as a delimiter string.</doc>
<arguments>
<arg>${txt}</arg>
</arguments>
<assign>
<var>@{words}</var>
</assign>
<msg timestamp="20210720 16:39:03.119" level="INFO">@{words} = [ 514 | item(s) | found ]</msg>
<status status="PASS" starttime="20210720 16:39:03.119" endtime="20210720 16:39:03.119"></status>
</kw>
<kw name="Log To Console" library="BuiltIn">
<doc>Logs the given message to the console.</doc>
<arguments>
<arg>Found ${words[0]} results in search result page.</arg>
</arguments>
<status status="PASS" starttime="20210720 16:39:03.119" endtime="20210720 16:39:03.120"></status>
</kw>
<msg timestamp="20210720 16:39:03.120" level="INFO">${numberOfResult} = 514</msg>
<status status="PASS" starttime="20210720 16:39:03.006" endtime="20210720 16:39:03.120"></status>
</kw>
<kw name="Should Be Equal" library="BuiltIn">
<doc>Fails if the given objects are unequal.</doc>
<arguments>
<arg>${title}</arg>
<arg>Results for "${suggestText}"</arg>
<arg>Search result page is not shows result for ${suggestText}</arg>
</arguments>
<status status="PASS" starttime="20210720 16:39:03.121" endtime="20210720 16:39:03.121"></status>
</kw>
<kw name="Should Be Equal" library="BuiltIn">
<doc>Fails if the given objects are unequal.</doc>
<arguments>
<arg>${numberOfResult}</arg>
<arg>${suggestNumberResult}</arg>
<arg>Number of results are not the same. ResultPage: ${numberOfResult}. Suggestion: ${suggestNumberResult}</arg>
</arguments>
<msg timestamp="20210720 16:39:03.122" level="FAIL">Number of results are not the same. ResultPage: 514. Suggestion: 135: 514 != 135</msg>
<status status="FAIL" starttime="20210720 16:39:03.122" endtime="20210720 16:39:03.122"></status>
</kw>
<status status="FAIL" starttime="20210720 16:38:57.076" endtime="20210720 16:39:03.122"></status>
</kw>
<status status="FAIL" starttime="20210720 16:38:04.697" endtime="20210720 16:39:03.123" critical="yes">Number of results are not the same. ResultPage: 514. Suggestion: 135: 514 != 135</status>
</test>
<test id="s1-t2" name="Test Case 2: Verify search by user input keyword which has matched products">
<kw name="Open" library="common" type="setup">
<arguments>
<arg>${testdata.url}</arg>
<arg>Chrome</arg>
</arguments>
<kw name="Open Browser" library="SeleniumLibrary">
<doc>Opens a new browser instance to the optional ``url``.</doc>
<arguments>
<arg>${URL}</arg>
<arg>${BROWSER}</arg>
</arguments>
<msg timestamp="20210720 16:39:03.126" level="INFO">Opening browser 'Chrome' to base url 'https://www.powerbuy.co.th/en'.</msg>
<status status="PASS" starttime="20210720 16:39:03.126" endtime="20210720 16:39:41.147"></status>
</kw>
<kw name="Maximize Browser Window" library="SeleniumLibrary">
<doc>Maximizes current browser window.</doc>
<status status="PASS" starttime="20210720 16:39:41.147" endtime="20210720 16:39:41.728"></status>
</kw>
<status status="PASS" starttime="20210720 16:39:03.125" endtime="20210720 16:39:41.728"></status>
</kw>
<kw name="Get random keyword from testdata" library="common">
<arguments>
<arg>commonSearchKeyword.txt</arg>
</arguments>
<assign>
<var>${keyword}</var>
</assign>
<kw name="Get File" library="OperatingSystem">
<doc>Returns the contents of a specified file.</doc>
<arguments>
<arg>${EXECDIR}/resources/${language}/testdata/${fileName}</arg>
</arguments>
<assign>
<var>${txtFile}</var>
</assign>
<msg timestamp="20210720 16:39:41.730" level="INFO" html="yes">Getting file '&lt;a href="file://C:\Users\sonpt2\Desktop\PowerBuyE2E\resources\EN\testdata\commonSearchKeyword.txt"&gt;C:\Users\sonpt2\Desktop\PowerBuyE2E\resources\EN\testdata\commonSearchKeyword.txt&lt;/a&gt;'.</msg>
<msg timestamp="20210720 16:39:41.730" level="INFO">${txtFile} = air purifier
iphone 11
garmin forerunner 245</msg>
<status status="PASS" starttime="20210720 16:39:41.730" endtime="20210720 16:39:41.731"></status>
</kw>
<kw name="Split To Lines" library="String">
<doc>Splits the given string to lines.</doc>
<arguments>
<arg>${txtFile}</arg>
</arguments>
<assign>
<var>@{lines}</var>
</assign>
<msg timestamp="20210720 16:39:41.731" level="INFO">3 lines returned</msg>
<msg timestamp="20210720 16:39:41.731" level="INFO">@{lines} = [ air purifier | iphone 11 | garmin forerunner 245 ]</msg>
<status status="PASS" starttime="20210720 16:39:41.731" endtime="20210720 16:39:41.731"></status>
</kw>
<kw name="Evaluate" library="BuiltIn">
<doc>Evaluates the given expression in Python and returns the result.</doc>
<arguments>
<arg>random.choice(@{lines})</arg>
<arg>random</arg>
</arguments>
<assign>
<var>${keyword}</var>
</assign>
<msg timestamp="20210720 16:39:41.731" level="INFO">${keyword} = iphone 11</msg>
<status status="PASS" starttime="20210720 16:39:41.731" endtime="20210720 16:39:41.731"></status>
</kw>
<kw name="Log To Console" library="BuiltIn">
<doc>Logs the given message to the console.</doc>
<arguments>
<arg>Keyword for searching: ${keyword}</arg>
</arguments>
<status status="PASS" starttime="20210720 16:39:41.731" endtime="20210720 16:39:41.732"></status>
</kw>
<msg timestamp="20210720 16:39:41.732" level="INFO">${keyword} = iphone 11</msg>
<status status="PASS" starttime="20210720 16:39:41.729" endtime="20210720 16:39:41.732"></status>
</kw>
<kw name="Verify searching by user input" library="homePage">
<arguments>
<arg>${keyword}</arg>
</arguments>
<kw name="Click" library="common">
<arguments>
<arg>${homePageLocator.inputSearch}</arg>
</arguments>
<kw name="Wait Until Page Contains Element" library="SeleniumLibrary">
<doc>Waits until the element ``locator`` appears on the current page.</doc>
<arguments>
<arg>${locator}</arg>
<arg>timeout=${GLOBALTIMEOUT}</arg>
</arguments>
<status status="PASS" starttime="20210720 16:39:41.733" endtime="20210720 16:39:41.949"></status>
</kw>
<kw name="Wait Until Element Is Visible" library="SeleniumLibrary">
<doc>Waits until the element ``locator`` is visible.</doc>
<arguments>
<arg>${locator}</arg>
<arg>timeout=${GLOBALTIMEOUT}</arg>
</arguments>
<status status="PASS" starttime="20210720 16:39:41.949" endtime="20210720 16:39:42.144"></status>
</kw>
<kw name="Click Element" library="SeleniumLibrary">
<doc>Click the element identified by ``locator``.</doc>
<arguments>
<arg>${locator}</arg>
</arguments>
<msg timestamp="20210720 16:39:42.144" level="INFO">Clicking element 'xpath=//div[contains(@class, 'Media__HideMobile')]//input[@id='txt-searchBox-input']'.</msg>
<status status="PASS" starttime="20210720 16:39:42.144" endtime="20210720 16:39:42.282"></status>
</kw>
<status status="PASS" starttime="20210720 16:39:41.733" endtime="20210720 16:39:42.282"></status>
</kw>
<kw name="SendKeyToElement" library="common">
<arguments>
<arg>${homePageLocator.inputSearch}</arg>
<arg>${keyword}</arg>
</arguments>
<kw name="Press Keys" library="SeleniumLibrary">
<doc>Simulates the user pressing key(s) to an element or on the active browser.</doc>
<arguments>
<arg>${locator}</arg>
<arg>${keys}</arg>
</arguments>
<msg timestamp="20210720 16:39:42.283" level="INFO">Sending key(s) ('iphone 11',) to xpath=//div[contains(@class, 'Media__HideMobile')]//input[@id='txt-searchBox-input'] element.</msg>
<msg timestamp="20210720 16:39:42.742" level="INFO">Sending keys iphone 11</msg>
<status status="PASS" starttime="20210720 16:39:42.282" endtime="20210720 16:39:42.884"></status>
</kw>
<status status="PASS" starttime="20210720 16:39:42.282" endtime="20210720 16:39:42.884"></status>
</kw>
<kw name="Wait for visibility of Element" library="common">
<arguments>
<arg>${homePageLocator.defaultSuggestContainer}</arg>
</arguments>
<kw name="Wait Until Page Contains Element" library="SeleniumLibrary">
<doc>Waits until the element ``locator`` appears on the current page.</doc>
<arguments>
<arg>${locator}</arg>
<arg>timeout=${GLOBALTIMEOUT}</arg>
</arguments>
<status status="PASS" starttime="20210720 16:39:42.884" endtime="20210720 16:39:42.908"></status>
</kw>
<kw name="Wait Until Element Is Visible" library="SeleniumLibrary">
<doc>Waits until the element ``locator`` is visible.</doc>
<arguments>
<arg>${locator}</arg>
<arg>timeout=${GLOBALTIMEOUT}</arg>
</arguments>
<status status="PASS" starttime="20210720 16:39:42.908" endtime="20210720 16:39:42.939"></status>
</kw>
<status status="PASS" starttime="20210720 16:39:42.884" endtime="20210720 16:39:42.939"></status>
</kw>
<kw name="Sleep" library="BuiltIn">
<doc>Pauses the test executed for the given time.</doc>
<arguments>
<arg>5s</arg>
</arguments>
<msg timestamp="20210720 16:39:47.942" level="INFO">Slept 5 seconds</msg>
<status status="PASS" starttime="20210720 16:39:42.939" endtime="20210720 16:39:47.942"></status>
</kw>
<kw name="Get WebElements" library="SeleniumLibrary">
<doc>Returns a list of WebElement objects matching the ``locator``.</doc>
<arguments>
<arg>${homePageLocator.defaultSuggestItem}</arg>
</arguments>
<assign>
<var>${list}</var>
</assign>
<msg timestamp="20210720 16:39:47.962" level="INFO">${list} = [&lt;selenium.webdriver.remote.webelement.WebElement (session="83b0b548495c71ef64fb2ec5067777bb", element="dc9b94e4-29f4-4f2f-a7ed-8b7365ec6867")&gt;, &lt;selenium.webdriver.remote.webelement.WebElement (sessi...</msg>
<status status="PASS" starttime="20210720 16:39:47.942" endtime="20210720 16:39:47.962"></status>
</kw>
<kw name="Get Length" library="BuiltIn">
<doc>Returns and logs the length of the given item as an integer.</doc>
<arguments>
<arg>${list}</arg>
</arguments>
<assign>
<var>${number_item}</var>
</assign>
<msg timestamp="20210720 16:39:47.962" level="INFO">Length is 4</msg>
<msg timestamp="20210720 16:39:47.962" level="INFO">${number_item} = 4</msg>
<status status="PASS" starttime="20210720 16:39:47.962" endtime="20210720 16:39:47.962"></status>
</kw>
<kw name="Run Keyword If" library="BuiltIn">
<doc>Runs the given keyword with the given arguments, if ``condition`` is true.</doc>
<arguments>
<arg>${number_item} &gt; 0</arg>
<arg>Verify search result</arg>
<arg>${keyword}</arg>
<arg>${number_item}</arg>
<arg>ELSE</arg>
<arg>Click search button and verify search result empty</arg>
<arg>${keyword}</arg>
</arguments>
<kw name="Verify search result" library="homePage">
<arguments>
<arg>${keyword}</arg>
<arg>${number_item}</arg>
</arguments>
<kw name="${index} IN RANGE [ ${length} ]" type="for">
<kw name="${index} = 0" type="foritem">
<kw name="Format String" library="String">
<doc>Formats a ``template`` using the given ``positional`` and ``named`` arguments.</doc>
<arguments>
<arg>${index}+1</arg>
</arguments>
<assign>
<var>${txtPosition}</var>
</assign>
<msg timestamp="20210720 16:39:47.963" level="INFO">${txtPosition} = 0+1</msg>
<status status="PASS" starttime="20210720 16:39:47.963" endtime="20210720 16:39:47.963"></status>
</kw>
<kw name="Format String" library="String">
<doc>Formats a ``template`` using the given ``positional`` and ``named`` arguments.</doc>
<arguments>
<arg>${homePageLocator.defaultSuggestItemName}</arg>
<arg>position=${txtPosition}</arg>
</arguments>
<assign>
<var>${locator}</var>
</assign>
<msg timestamp="20210720 16:39:47.964" level="INFO">${locator} = xpath=(//div[contains(@class, 'SearchBox__SuggestionContainerDesktop')]//div[@data-suggestion-label])[0+1]//div[1]</msg>
<status status="PASS" starttime="20210720 16:39:47.964" endtime="20210720 16:39:47.964"></status>
</kw>
<kw name="GetTxt" library="common">
<arguments>
<arg>${locator}</arg>
</arguments>
<assign>
<var>${text}</var>
</assign>
<kw name="Wait Until Page Contains Element" library="SeleniumLibrary">
<doc>Waits until the element ``locator`` appears on the current page.</doc>
<arguments>
<arg>${locator}</arg>
<arg>timeout=${GLOBALTIMEOUT}</arg>
</arguments>
<status status="PASS" starttime="20210720 16:39:47.964" endtime="20210720 16:39:47.981"></status>
</kw>
<kw name="Wait Until Element Is Visible" library="SeleniumLibrary">
<doc>Waits until the element ``locator`` is visible.</doc>
<arguments>
<arg>${locator}</arg>
<arg>timeout=${GLOBALTIMEOUT}</arg>
</arguments>
<status status="PASS" starttime="20210720 16:39:47.981" endtime="20210720 16:39:48.010"></status>
</kw>
<kw name="Get Text" library="SeleniumLibrary">
<doc>Returns the text value of the element identified by ``locator``.</doc>
<arguments>
<arg>${locator}</arg>
</arguments>
<assign>
<var>${text}</var>
</assign>
<msg timestamp="20210720 16:39:48.040" level="INFO">${text} = iphone 11</msg>
<status status="PASS" starttime="20210720 16:39:48.010" endtime="20210720 16:39:48.040"></status>
</kw>
<kw name="Log" library="BuiltIn">
<doc>Logs the given message with the given level.</doc>
<arguments>
<arg>${text}</arg>
</arguments>
<msg timestamp="20210720 16:39:48.040" level="INFO">iphone 11</msg>
<status status="PASS" starttime="20210720 16:39:48.040" endtime="20210720 16:39:48.040"></status>
</kw>
<msg timestamp="20210720 16:39:48.041" level="INFO">${text} = iphone 11</msg>
<status status="PASS" starttime="20210720 16:39:47.964" endtime="20210720 16:39:48.041"></status>
</kw>
<kw name="Should Contain" library="BuiltIn">
<doc>Fails if ``container`` does not contain ``item`` one or more times.</doc>
<arguments>
<arg>${text.lower()}</arg>
<arg>${keyword.lower()}</arg>
<arg>Suggestion: '${text}' does not contains keyword '${keyword}'</arg>
</arguments>
<status status="PASS" starttime="20210720 16:39:48.041" endtime="20210720 16:39:48.041"></status>
</kw>
<status status="PASS" starttime="20210720 16:39:47.963" endtime="20210720 16:39:48.041"></status>
</kw>
<kw name="${index} = 1" type="foritem">
<kw name="Format String" library="String">
<doc>Formats a ``template`` using the given ``positional`` and ``named`` arguments.</doc>
<arguments>
<arg>${index}+1</arg>
</arguments>
<assign>
<var>${txtPosition}</var>
</assign>
<msg timestamp="20210720 16:39:48.041" level="INFO">${txtPosition} = 1+1</msg>
<status status="PASS" starttime="20210720 16:39:48.041" endtime="20210720 16:39:48.041"></status>
</kw>
<kw name="Format String" library="String">
<doc>Formats a ``template`` using the given ``positional`` and ``named`` arguments.</doc>
<arguments>
<arg>${homePageLocator.defaultSuggestItemName}</arg>
<arg>position=${txtPosition}</arg>
</arguments>
<assign>
<var>${locator}</var>
</assign>
<msg timestamp="20210720 16:39:48.042" level="INFO">${locator} = xpath=(//div[contains(@class, 'SearchBox__SuggestionContainerDesktop')]//div[@data-suggestion-label])[1+1]//div[1]</msg>
<status status="PASS" starttime="20210720 16:39:48.042" endtime="20210720 16:39:48.042"></status>
</kw>
<kw name="GetTxt" library="common">
<arguments>
<arg>${locator}</arg>
</arguments>
<assign>
<var>${text}</var>
</assign>
<kw name="Wait Until Page Contains Element" library="SeleniumLibrary">
<doc>Waits until the element ``locator`` appears on the current page.</doc>
<arguments>
<arg>${locator}</arg>
<arg>timeout=${GLOBALTIMEOUT}</arg>
</arguments>
<status status="PASS" starttime="20210720 16:39:48.042" endtime="20210720 16:39:48.058"></status>
</kw>
<kw name="Wait Until Element Is Visible" library="SeleniumLibrary">
<doc>Waits until the element ``locator`` is visible.</doc>
<arguments>
<arg>${locator}</arg>
<arg>timeout=${GLOBALTIMEOUT}</arg>
</arguments>
<status status="PASS" starttime="20210720 16:39:48.058" endtime="20210720 16:39:48.081"></status>
</kw>
<kw name="Get Text" library="SeleniumLibrary">
<doc>Returns the text value of the element identified by ``locator``.</doc>
<arguments>
<arg>${locator}</arg>
</arguments>
<assign>
<var>${text}</var>
</assign>
<msg timestamp="20210720 16:39:48.106" level="INFO">${text} = iPhone 11 pro</msg>
<status status="PASS" starttime="20210720 16:39:48.081" endtime="20210720 16:39:48.106"></status>
</kw>
<kw name="Log" library="BuiltIn">
<doc>Logs the given message with the given level.</doc>
<arguments>
<arg>${text}</arg>
</arguments>
<msg timestamp="20210720 16:39:48.106" level="INFO">iPhone 11 pro</msg>
<status status="PASS" starttime="20210720 16:39:48.106" endtime="20210720 16:39:48.106"></status>
</kw>
<msg timestamp="20210720 16:39:48.107" level="INFO">${text} = iPhone 11 pro</msg>
<status status="PASS" starttime="20210720 16:39:48.042" endtime="20210720 16:39:48.107"></status>
</kw>
<kw name="Should Contain" library="BuiltIn">
<doc>Fails if ``container`` does not contain ``item`` one or more times.</doc>
<arguments>
<arg>${text.lower()}</arg>
<arg>${keyword.lower()}</arg>
<arg>Suggestion: '${text}' does not contains keyword '${keyword}'</arg>
</arguments>
<status status="PASS" starttime="20210720 16:39:48.107" endtime="20210720 16:39:48.107"></status>
</kw>
<status status="PASS" starttime="20210720 16:39:48.041" endtime="20210720 16:39:48.107"></status>
</kw>
<kw name="${index} = 2" type="foritem">
<kw name="Format String" library="String">
<doc>Formats a ``template`` using the given ``positional`` and ``named`` arguments.</doc>
<arguments>
<arg>${index}+1</arg>
</arguments>
<assign>
<var>${txtPosition}</var>
</assign>
<msg timestamp="20210720 16:39:48.107" level="INFO">${txtPosition} = 2+1</msg>
<status status="PASS" starttime="20210720 16:39:48.107" endtime="20210720 16:39:48.107"></status>
</kw>
<kw name="Format String" library="String">
<doc>Formats a ``template`` using the given ``positional`` and ``named`` arguments.</doc>
<arguments>
<arg>${homePageLocator.defaultSuggestItemName}</arg>
<arg>position=${txtPosition}</arg>
</arguments>
<assign>
<var>${locator}</var>
</assign>
<msg timestamp="20210720 16:39:48.108" level="INFO">${locator} = xpath=(//div[contains(@class, 'SearchBox__SuggestionContainerDesktop')]//div[@data-suggestion-label])[2+1]//div[1]</msg>
<status status="PASS" starttime="20210720 16:39:48.108" endtime="20210720 16:39:48.108"></status>
</kw>
<kw name="GetTxt" library="common">
<arguments>
<arg>${locator}</arg>
</arguments>
<assign>
<var>${text}</var>
</assign>
<kw name="Wait Until Page Contains Element" library="SeleniumLibrary">
<doc>Waits until the element ``locator`` appears on the current page.</doc>
<arguments>
<arg>${locator}</arg>
<arg>timeout=${GLOBALTIMEOUT}</arg>
</arguments>
<status status="PASS" starttime="20210720 16:39:48.108" endtime="20210720 16:39:48.125"></status>
</kw>
<kw name="Wait Until Element Is Visible" library="SeleniumLibrary">
<doc>Waits until the element ``locator`` is visible.</doc>
<arguments>
<arg>${locator}</arg>
<arg>timeout=${GLOBALTIMEOUT}</arg>
</arguments>
<status status="PASS" starttime="20210720 16:39:48.125" endtime="20210720 16:39:48.148"></status>
</kw>
<kw name="Get Text" library="SeleniumLibrary">
<doc>Returns the text value of the element identified by ``locator``.</doc>
<arguments>
<arg>${locator}</arg>
</arguments>
<assign>
<var>${text}</var>
</assign>
<msg timestamp="20210720 16:39:48.172" level="INFO">${text} = iphone 11 pro max</msg>
<status status="PASS" starttime="20210720 16:39:48.148" endtime="20210720 16:39:48.172"></status>
</kw>
<kw name="Log" library="BuiltIn">
<doc>Logs the given message with the given level.</doc>
<arguments>
<arg>${text}</arg>
</arguments>
<msg timestamp="20210720 16:39:48.172" level="INFO">iphone 11 pro max</msg>
<status status="PASS" starttime="20210720 16:39:48.172" endtime="20210720 16:39:48.173"></status>
</kw>
<msg timestamp="20210720 16:39:48.173" level="INFO">${text} = iphone 11 pro max</msg>
<status status="PASS" starttime="20210720 16:39:48.108" endtime="20210720 16:39:48.173"></status>
</kw>
<kw name="Should Contain" library="BuiltIn">
<doc>Fails if ``container`` does not contain ``item`` one or more times.</doc>
<arguments>
<arg>${text.lower()}</arg>
<arg>${keyword.lower()}</arg>
<arg>Suggestion: '${text}' does not contains keyword '${keyword}'</arg>
</arguments>
<status status="PASS" starttime="20210720 16:39:48.173" endtime="20210720 16:39:48.173"></status>
</kw>
<status status="PASS" starttime="20210720 16:39:48.107" endtime="20210720 16:39:48.173"></status>
</kw>
<kw name="${index} = 3" type="foritem">
<kw name="Format String" library="String">
<doc>Formats a ``template`` using the given ``positional`` and ``named`` arguments.</doc>
<arguments>
<arg>${index}+1</arg>
</arguments>
<assign>
<var>${txtPosition}</var>
</assign>
<msg timestamp="20210720 16:39:48.174" level="INFO">${txtPosition} = 3+1</msg>
<status status="PASS" starttime="20210720 16:39:48.173" endtime="20210720 16:39:48.174"></status>
</kw>
<kw name="Format String" library="String">
<doc>Formats a ``template`` using the given ``positional`` and ``named`` arguments.</doc>
<arguments>
<arg>${homePageLocator.defaultSuggestItemName}</arg>
<arg>position=${txtPosition}</arg>
</arguments>
<assign>
<var>${locator}</var>
</assign>
<msg timestamp="20210720 16:39:48.174" level="INFO">${locator} = xpath=(//div[contains(@class, 'SearchBox__SuggestionContainerDesktop')]//div[@data-suggestion-label])[3+1]//div[1]</msg>
<status status="PASS" starttime="20210720 16:39:48.174" endtime="20210720 16:39:48.174"></status>
</kw>
<kw name="GetTxt" library="common">
<arguments>
<arg>${locator}</arg>
</arguments>
<assign>
<var>${text}</var>
</assign>
<kw name="Wait Until Page Contains Element" library="SeleniumLibrary">
<doc>Waits until the element ``locator`` appears on the current page.</doc>
<arguments>
<arg>${locator}</arg>
<arg>timeout=${GLOBALTIMEOUT}</arg>
</arguments>
<status status="PASS" starttime="20210720 16:39:48.175" endtime="20210720 16:39:48.190"></status>
</kw>
<kw name="Wait Until Element Is Visible" library="SeleniumLibrary">
<doc>Waits until the element ``locator`` is visible.</doc>
<arguments>
<arg>${locator}</arg>
<arg>timeout=${GLOBALTIMEOUT}</arg>
</arguments>
<status status="PASS" starttime="20210720 16:39:48.190" endtime="20210720 16:39:48.211"></status>
</kw>
<kw name="Get Text" library="SeleniumLibrary">
<doc>Returns the text value of the element identified by ``locator``.</doc>
<arguments>
<arg>${locator}</arg>
</arguments>
<assign>
<var>${text}</var>
</assign>
<msg timestamp="20210720 16:39:48.235" level="INFO">${text} = APPLE iPhone 11</msg>
<status status="PASS" starttime="20210720 16:39:48.211" endtime="20210720 16:39:48.235"></status>
</kw>
<kw name="Log" library="BuiltIn">
<doc>Logs the given message with the given level.</doc>
<arguments>
<arg>${text}</arg>
</arguments>
<msg timestamp="20210720 16:39:48.235" level="INFO">APPLE iPhone 11</msg>
<status status="PASS" starttime="20210720 16:39:48.235" endtime="20210720 16:39:48.235"></status>
</kw>
<msg timestamp="20210720 16:39:48.236" level="INFO">${text} = APPLE iPhone 11</msg>
<status status="PASS" starttime="20210720 16:39:48.174" endtime="20210720 16:39:48.236"></status>
</kw>
<kw name="Should Contain" library="BuiltIn">
<doc>Fails if ``container`` does not contain ``item`` one or more times.</doc>
<arguments>
<arg>${text.lower()}</arg>
<arg>${keyword.lower()}</arg>
<arg>Suggestion: '${text}' does not contains keyword '${keyword}'</arg>
</arguments>
<status status="PASS" starttime="20210720 16:39:48.236" endtime="20210720 16:39:48.236"></status>
</kw>
<status status="PASS" starttime="20210720 16:39:48.173" endtime="20210720 16:39:48.236"></status>
</kw>
<status status="PASS" starttime="20210720 16:39:47.963" endtime="20210720 16:39:48.236"></status>
</kw>
<kw name="Click" library="common">
<arguments>
<arg>${homePageLocator.searchButton}</arg>
</arguments>
<kw name="Wait Until Page Contains Element" library="SeleniumLibrary">
<doc>Waits until the element ``locator`` appears on the current page.</doc>
<arguments>
<arg>${locator}</arg>
<arg>timeout=${GLOBALTIMEOUT}</arg>
</arguments>
<status status="PASS" starttime="20210720 16:39:48.237" endtime="20210720 16:39:48.250"></status>
</kw>
<kw name="Wait Until Element Is Visible" library="SeleniumLibrary">
<doc>Waits until the element ``locator`` is visible.</doc>
<arguments>
<arg>${locator}</arg>
<arg>timeout=${GLOBALTIMEOUT}</arg>
</arguments>
<status status="PASS" starttime="20210720 16:39:48.250" endtime="20210720 16:39:48.274"></status>
</kw>
<kw name="Click Element" library="SeleniumLibrary">
<doc>Click the element identified by ``locator``.</doc>
<arguments>
<arg>${locator}</arg>
</arguments>
<msg timestamp="20210720 16:39:48.274" level="INFO">Clicking element 'xpath=//div[contains(@class, 'HideMobile')]//button[@id='btn-searchBox-input']//img'.</msg>
<status status="PASS" starttime="20210720 16:39:48.274" endtime="20210720 16:39:48.661"></status>
</kw>
<status status="PASS" starttime="20210720 16:39:48.236" endtime="20210720 16:39:48.661"></status>
</kw>
<kw name="Verify search result page displayed" library="homePage">
<kw name="Wait for visibility of Element" library="common">
<arguments>
<arg>${homePageLocator.searchResultTitle}</arg>
</arguments>
<kw name="Wait Until Page Contains Element" library="SeleniumLibrary">
<doc>Waits until the element ``locator`` appears on the current page.</doc>
<arguments>
<arg>${locator}</arg>
<arg>timeout=${GLOBALTIMEOUT}</arg>
</arguments>
<status status="PASS" starttime="20210720 16:39:48.662" endtime="20210720 16:39:50.081"></status>
</kw>
<kw name="Wait Until Element Is Visible" library="SeleniumLibrary">
<doc>Waits until the element ``locator`` is visible.</doc>
<arguments>
<arg>${locator}</arg>
<arg>timeout=${GLOBALTIMEOUT}</arg>
</arguments>
<status status="PASS" starttime="20210720 16:39:50.081" endtime="20210720 16:39:50.150"></status>
</kw>
<status status="PASS" starttime="20210720 16:39:48.662" endtime="20210720 16:39:50.150"></status>
</kw>
<status status="PASS" starttime="20210720 16:39:48.661" endtime="20210720 16:39:50.150"></status>
</kw>
<kw name="Wait for loading indicator to disapear" library="homePage">
<kw name="Wait Until Page Does Not Contain Element" library="SeleniumLibrary">
<doc>Waits until the element ``locator`` disappears from the current page.</doc>
<arguments>
<arg>${homePageLocator.loadingIndicator}</arg>
<arg>timeout=${GLOBALTIMEOUT}</arg>
</arguments>
<status status="PASS" starttime="20210720 16:39:50.151" endtime="20210720 16:39:51.413"></status>
</kw>
<status status="PASS" starttime="20210720 16:39:50.150" endtime="20210720 16:39:51.414"></status>
</kw>
<kw name="GetTxt" library="common">
<arguments>
<arg>${homePageLocator.searchResultTitle}</arg>
</arguments>
<assign>
<var>${title}</var>
</assign>
<kw name="Wait Until Page Contains Element" library="SeleniumLibrary">
<doc>Waits until the element ``locator`` appears on the current page.</doc>
<arguments>
<arg>${locator}</arg>
<arg>timeout=${GLOBALTIMEOUT}</arg>
</arguments>
<status status="PASS" starttime="20210720 16:39:51.414" endtime="20210720 16:39:51.433"></status>
</kw>
<kw name="Wait Until Element Is Visible" library="SeleniumLibrary">
<doc>Waits until the element ``locator`` is visible.</doc>
<arguments>
<arg>${locator}</arg>
<arg>timeout=${GLOBALTIMEOUT}</arg>
</arguments>
<status status="PASS" starttime="20210720 16:39:51.433" endtime="20210720 16:39:51.461"></status>
</kw>
<kw name="Get Text" library="SeleniumLibrary">
<doc>Returns the text value of the element identified by ``locator``.</doc>
<arguments>
<arg>${locator}</arg>
</arguments>
<assign>
<var>${text}</var>
</assign>
<msg timestamp="20210720 16:39:51.483" level="INFO">${text} = Results for "iphone 11"</msg>
<status status="PASS" starttime="20210720 16:39:51.461" endtime="20210720 16:39:51.483"></status>
</kw>
<kw name="Log" library="BuiltIn">
<doc>Logs the given message with the given level.</doc>
<arguments>
<arg>${text}</arg>
</arguments>
<msg timestamp="20210720 16:39:51.483" level="INFO">Results for "iphone 11"</msg>
<status status="PASS" starttime="20210720 16:39:51.483" endtime="20210720 16:39:51.483"></status>
</kw>
<msg timestamp="20210720 16:39:51.483" level="INFO">${title} = Results for "iphone 11"</msg>
<status status="PASS" starttime="20210720 16:39:51.414" endtime="20210720 16:39:51.483"></status>
</kw>
<kw name="Should Be Equal" library="BuiltIn">
<doc>Fails if the given objects are unequal.</doc>
<arguments>
<arg>${title}</arg>
<arg>Results for "${keyword}"</arg>
<arg>Search result page is not shows result for ${keyword}</arg>
</arguments>
<status status="PASS" starttime="20210720 16:39:51.484" endtime="20210720 16:39:51.484"></status>
</kw>
<kw name="Verify if there are any product has zero price" library="homePage">
<kw name="Get number of displayed product" library="homePage">
<assign>
<var>${number_item}</var>
</assign>
<kw name="Get WebElements" library="SeleniumLibrary">
<doc>Returns a list of WebElement objects matching the ``locator``.</doc>
<arguments>
<arg>${homePageLocator.product}</arg>
</arguments>
<assign>
<var>${list}</var>
</assign>
<msg timestamp="20210720 16:39:51.499" level="INFO">${list} = [&lt;selenium.webdriver.remote.webelement.WebElement (session="83b0b548495c71ef64fb2ec5067777bb", element="ac41ae9b-064c-440e-8503-961cbd9fa354")&gt;, &lt;selenium.webdriver.remote.webelement.WebElement (sessi...</msg>
<status status="PASS" starttime="20210720 16:39:51.485" endtime="20210720 16:39:51.499"></status>
</kw>
<kw name="Get Length" library="BuiltIn">
<doc>Returns and logs the length of the given item as an integer.</doc>
<arguments>
<arg>${list}</arg>
</arguments>
<assign>
<var>${number_item}</var>
</assign>
<msg timestamp="20210720 16:39:51.499" level="INFO">Length is 48</msg>
<msg timestamp="20210720 16:39:51.500" level="INFO">${number_item} = 48</msg>
<status status="PASS" starttime="20210720 16:39:51.499" endtime="20210720 16:39:51.500"></status>
</kw>
<kw name="Run Keyword If" library="BuiltIn">
<doc>Runs the given keyword with the given arguments, if ``condition`` is true.</doc>
<arguments>
<arg>${number_item} == 0</arg>
<arg>BuiltIn.Fail</arg>
<arg>There are no product displayed in search result page.</arg>
<arg>ELSE IF</arg>
<arg>${number_item} &lt; 0</arg>
<arg>BuiltIn.Fail</arg>
<arg>There are no product displayed in search result page.</arg>
</arguments>
<status status="PASS" starttime="20210720 16:39:51.500" endtime="20210720 16:39:51.500"></status>
</kw>
<msg timestamp="20210720 16:39:51.500" level="INFO">${number_item} = 48</msg>
<status status="PASS" starttime="20210720 16:39:51.485" endtime="20210720 16:39:51.500"></status>
</kw>
<kw name="${index} IN RANGE [ ${number_item} ]" type="for">
<kw name="${index} = 0" type="foritem">
<kw name="Convert To String" library="BuiltIn">
<doc>Converts the given item to a Unicode string.</doc>
<arguments>
<arg>${index}+1</arg>
</arguments>
<assign>
<var>${strIndex}</var>
</assign>
<msg timestamp="20210720 16:39:51.501" level="INFO">${strIndex} = 0+1</msg>
<status status="PASS" starttime="20210720 16:39:51.501" endtime="20210720 16:39:51.501"></status>
</kw>
<kw name="Format String" library="String">
<doc>Formats a ``template`` using the given ``positional`` and ``named`` arguments.</doc>
<arguments>
<arg>${homePageLocator.txtPrice}</arg>
<arg>position=${strIndex}</arg>
</arguments>
<assign>
<var>${priceLocator}</var>
</assign>
<msg timestamp="20210720 16:39:51.501" level="INFO">${priceLocator} = xpath=(//span[@data-testid='txt-price'])[0+1]</msg>
<status status="PASS" starttime="20210720 16:39:51.501" endtime="20210720 16:39:51.501"></status>
</kw>
<kw name="GetTxt" library="common">
<arguments>
<arg>${priceLocator}</arg>
</arguments>
<assign>
<var>${textPrice}</var>
</assign>
<kw name="Wait Until Page Contains Element" library="SeleniumLibrary">
<doc>Waits until the element ``locator`` appears on the current page.</doc>
<arguments>
<arg>${locator}</arg>
<arg>timeout=${GLOBALTIMEOUT}</arg>
</arguments>
<status status="PASS" starttime="20210720 16:39:51.502" endtime="20210720 16:39:51.529"></status>
</kw>
<kw name="Wait Until Element Is Visible" library="SeleniumLibrary">
<doc>Waits until the element ``locator`` is visible.</doc>
<arguments>
<arg>${locator}</arg>
<arg>timeout=${GLOBALTIMEOUT}</arg>
</arguments>
<status status="PASS" starttime="20210720 16:39:51.529" endtime="20210720 16:39:51.561"></status>
</kw>
<kw name="Get Text" library="SeleniumLibrary">
<doc>Returns the text value of the element identified by ``locator``.</doc>
<arguments>
<arg>${locator}</arg>
</arguments>
<assign>
<var>${text}</var>
</assign>
<msg timestamp="20210720 16:39:51.592" level="INFO">${text} = 18,900</msg>
<status status="PASS" starttime="20210720 16:39:51.561" endtime="20210720 16:39:51.592"></status>
</kw>
<kw name="Log" library="BuiltIn">
<doc>Logs the given message with the given level.</doc>
<arguments>
<arg>${text}</arg>
</arguments>
<msg timestamp="20210720 16:39:51.593" level="INFO">18,900</msg>
<status status="PASS" starttime="20210720 16:39:51.593" endtime="20210720 16:39:51.593"></status>
</kw>
<msg timestamp="20210720 16:39:51.593" level="INFO">${textPrice} = 18,900</msg>
<status status="PASS" starttime="20210720 16:39:51.502" endtime="20210720 16:39:51.593"></status>
</kw>
<kw name="Replace String" library="String">
<doc>Replaces ``search_for`` in the given ``string`` with ``replace_with``.</doc>
<arguments>
<arg>${textPrice}</arg>
<arg>,</arg>
<arg>.</arg>
</arguments>
<assign>
<var>${textPrice_}</var>
</assign>
<msg timestamp="20210720 16:39:51.593" level="INFO">${textPrice_} = 18.900</msg>
<status status="PASS" starttime="20210720 16:39:51.593" endtime="20210720 16:39:51.593"></status>
</kw>
<kw name="Convert To Number" library="BuiltIn">
<doc>Converts the given item to a floating point number.</doc>
<arguments>
<arg>${textPrice}</arg>
</arguments>
<assign>
<var>${numberPrice}</var>
</assign>
<msg timestamp="20210720 16:39:51.594" level="INFO">${numberPrice} = 18.9</msg>
<status status="PASS" starttime="20210720 16:39:51.593" endtime="20210720 16:39:51.594"></status>
</kw>
<kw name="Should Be True" library="BuiltIn">
<doc>Fails if the given condition is not true.</doc>
<arguments>
<arg>${numberPrice}&gt;0</arg>
<arg>There are some products that has zero price.</arg>
</arguments>
<status status="PASS" starttime="20210720 16:39:51.594" endtime="20210720 16:39:51.594"></status>
</kw>
<status status="PASS" starttime="20210720 16:39:51.500" endtime="20210720 16:39:51.594"></status>
</kw>
<kw name="${index} = 1" type="foritem">
<kw name="Convert To String" library="BuiltIn">
<doc>Converts the given item to a Unicode string.</doc>
<arguments>
<arg>${index}+1</arg>
</arguments>
<assign>
<var>${strIndex}</var>
</assign>
<msg timestamp="20210720 16:39:51.594" level="INFO">${strIndex} = 1+1</msg>
<status status="PASS" starttime="20210720 16:39:51.594" endtime="20210720 16:39:51.594"></status>
</kw>
<kw name="Format String" library="String">
<doc>Formats a ``template`` using the given ``positional`` and ``named`` arguments.</doc>
<arguments>
<arg>${homePageLocator.txtPrice}</arg>
<arg>position=${strIndex}</arg>
</arguments>
<assign>
<var>${priceLocator}</var>
</assign>
<msg timestamp="20210720 16:39:51.595" level="INFO">${priceLocator} = xpath=(//span[@data-testid='txt-price'])[1+1]</msg>
<status status="PASS" starttime="20210720 16:39:51.594" endtime="20210720 16:39:51.595"></status>
</kw>
<kw name="GetTxt" library="common">
<arguments>
<arg>${priceLocator}</arg>
</arguments>
<assign>
<var>${textPrice}</var>
</assign>
<kw name="Wait Until Page Contains Element" library="SeleniumLibrary">
<doc>Waits until the element ``locator`` appears on the current page.</doc>
<arguments>
<arg>${locator}</arg>
<arg>timeout=${GLOBALTIMEOUT}</arg>
</arguments>
<status status="PASS" starttime="20210720 16:39:51.595" endtime="20210720 16:39:51.610"></status>
</kw>
<kw name="Wait Until Element Is Visible" library="SeleniumLibrary">
<doc>Waits until the element ``locator`` is visible.</doc>
<arguments>
<arg>${locator}</arg>
<arg>timeout=${GLOBALTIMEOUT}</arg>
</arguments>
<status status="PASS" starttime="20210720 16:39:51.610" endtime="20210720 16:39:51.630"></status>
</kw>
<kw name="Get Text" library="SeleniumLibrary">
<doc>Returns the text value of the element identified by ``locator``.</doc>
<arguments>
<arg>${locator}</arg>
</arguments>
<assign>
<var>${text}</var>
</assign>
<msg timestamp="20210720 16:39:51.658" level="INFO">${text} = 20,900</msg>
<status status="PASS" starttime="20210720 16:39:51.630" endtime="20210720 16:39:51.658"></status>
</kw>
<kw name="Log" library="BuiltIn">
<doc>Logs the given message with the given level.</doc>
<arguments>
<arg>${text}</arg>
</arguments>
<msg timestamp="20210720 16:39:51.658" level="INFO">20,900</msg>
<status status="PASS" starttime="20210720 16:39:51.658" endtime="20210720 16:39:51.658"></status>
</kw>
<msg timestamp="20210720 16:39:51.659" level="INFO">${textPrice} = 20,900</msg>
<status status="PASS" starttime="20210720 16:39:51.595" endtime="20210720 16:39:51.659"></status>
</kw>
<kw name="Replace String" library="String">
<doc>Replaces ``search_for`` in the given ``string`` with ``replace_with``.</doc>
<arguments>
<arg>${textPrice}</arg>
<arg>,</arg>
<arg>.</arg>
</arguments>
<assign>
<var>${textPrice_}</var>
</assign>
<msg timestamp="20210720 16:39:51.659" level="INFO">${textPrice_} = 20.900</msg>
<status status="PASS" starttime="20210720 16:39:51.659" endtime="20210720 16:39:51.659"></status>
</kw>
<kw name="Convert To Number" library="BuiltIn">
<doc>Converts the given item to a floating point number.</doc>
<arguments>
<arg>${textPrice}</arg>
</arguments>
<assign>
<var>${numberPrice}</var>
</assign>
<msg timestamp="20210720 16:39:51.659" level="INFO">${numberPrice} = 20.9</msg>
<status status="PASS" starttime="20210720 16:39:51.659" endtime="20210720 16:39:51.659"></status>
</kw>
<kw name="Should Be True" library="BuiltIn">
<doc>Fails if the given condition is not true.</doc>
<arguments>
<arg>${numberPrice}&gt;0</arg>
<arg>There are some products that has zero price.</arg>
</arguments>
<status status="PASS" starttime="20210720 16:39:51.659" endtime="20210720 16:39:51.659"></status>
</kw>
<status status="PASS" starttime="20210720 16:39:51.594" endtime="20210720 16:39:51.660"></status>
</kw>
<kw name="${index} = 2" type="foritem">
<kw name="Convert To String" library="BuiltIn">
<doc>Converts the given item to a Unicode string.</doc>
<arguments>
<arg>${index}+1</arg>
</arguments>
<assign>
<var>${strIndex}</var>
</assign>
<msg timestamp="20210720 16:39:51.660" level="INFO">${strIndex} = 2+1</msg>
<status status="PASS" starttime="20210720 16:39:51.660" endtime="20210720 16:39:51.660"></status>
</kw>
<kw name="Format String" library="String">
<doc>Formats a ``template`` using the given ``positional`` and ``named`` arguments.</doc>
<arguments>
<arg>${homePageLocator.txtPrice}</arg>
<arg>position=${strIndex}</arg>
</arguments>
<assign>
<var>${priceLocator}</var>
</assign>
<msg timestamp="20210720 16:39:51.660" level="INFO">${priceLocator} = xpath=(//span[@data-testid='txt-price'])[2+1]</msg>
<status status="PASS" starttime="20210720 16:39:51.660" endtime="20210720 16:39:51.660"></status>
</kw>
<kw name="GetTxt" library="common">
<arguments>
<arg>${priceLocator}</arg>
</arguments>
<assign>
<var>${textPrice}</var>
</assign>
<kw name="Wait Until Page Contains Element" library="SeleniumLibrary">
<doc>Waits until the element ``locator`` appears on the current page.</doc>
<arguments>
<arg>${locator}</arg>
<arg>timeout=${GLOBALTIMEOUT}</arg>
</arguments>
<status status="PASS" starttime="20210720 16:39:51.661" endtime="20210720 16:39:51.676"></status>
</kw>
<kw name="Wait Until Element Is Visible" library="SeleniumLibrary">
<doc>Waits until the element ``locator`` is visible.</doc>
<arguments>
<arg>${locator}</arg>
<arg>timeout=${GLOBALTIMEOUT}</arg>
</arguments>
<status status="PASS" starttime="20210720 16:39:51.677" endtime="20210720 16:39:51.697"></status>
</kw>
<kw name="Get Text" library="SeleniumLibrary">
<doc>Returns the text value of the element identified by ``locator``.</doc>
<arguments>
<arg>${locator}</arg>
</arguments>
<assign>
<var>${text}</var>
</assign>
<msg timestamp="20210720 16:39:51.729" level="INFO">${text} = 18,900</msg>
<status status="PASS" starttime="20210720 16:39:51.697" endtime="20210720 16:39:51.730"></status>
</kw>
<kw name="Log" library="BuiltIn">
<doc>Logs the given message with the given level.</doc>
<arguments>
<arg>${text}</arg>
</arguments>
<msg timestamp="20210720 16:39:51.730" level="INFO">18,900</msg>
<status status="PASS" starttime="20210720 16:39:51.730" endtime="20210720 16:39:51.730"></status>
</kw>
<msg timestamp="20210720 16:39:51.730" level="INFO">${textPrice} = 18,900</msg>
<status status="PASS" starttime="20210720 16:39:51.660" endtime="20210720 16:39:51.730"></status>
</kw>
<kw name="Replace String" library="String">
<doc>Replaces ``search_for`` in the given ``string`` with ``replace_with``.</doc>
<arguments>
<arg>${textPrice}</arg>
<arg>,</arg>
<arg>.</arg>
</arguments>
<assign>
<var>${textPrice_}</var>
</assign>
<msg timestamp="20210720 16:39:51.730" level="INFO">${textPrice_} = 18.900</msg>
<status status="PASS" starttime="20210720 16:39:51.730" endtime="20210720 16:39:51.730"></status>
</kw>
<kw name="Convert To Number" library="BuiltIn">
<doc>Converts the given item to a floating point number.</doc>
<arguments>
<arg>${textPrice}</arg>
</arguments>
<assign>
<var>${numberPrice}</var>
</assign>
<msg timestamp="20210720 16:39:51.731" level="INFO">${numberPrice} = 18.9</msg>
<status status="PASS" starttime="20210720 16:39:51.731" endtime="20210720 16:39:51.731"></status>
</kw>
<kw name="Should Be True" library="BuiltIn">
<doc>Fails if the given condition is not true.</doc>
<arguments>
<arg>${numberPrice}&gt;0</arg>
<arg>There are some products that has zero price.</arg>
</arguments>
<status status="PASS" starttime="20210720 16:39:51.731" endtime="20210720 16:39:51.731"></status>
</kw>
<status status="PASS" starttime="20210720 16:39:51.660" endtime="20210720 16:39:51.731"></status>
</kw>
<kw name="${index} = 3" type="foritem">
<kw name="Convert To String" library="BuiltIn">
<doc>Converts the given item to a Unicode string.</doc>
<arguments>
<arg>${index}+1</arg>
</arguments>
<assign>
<var>${strIndex}</var>
</assign>
<msg timestamp="20210720 16:39:51.731" level="INFO">${strIndex} = 3+1</msg>
<status status="PASS" starttime="20210720 16:39:51.731" endtime="20210720 16:39:51.731"></status>
</kw>
<kw name="Format String" library="String">
<doc>Formats a ``template`` using the given ``positional`` and ``named`` arguments.</doc>
<arguments>
<arg>${homePageLocator.txtPrice}</arg>
<arg>position=${strIndex}</arg>
</arguments>
<assign>
<var>${priceLocator}</var>
</assign>
<msg timestamp="20210720 16:39:51.732" level="INFO">${priceLocator} = xpath=(//span[@data-testid='txt-price'])[3+1]</msg>
<status status="PASS" starttime="20210720 16:39:51.732" endtime="20210720 16:39:51.732"></status>
</kw>
<kw name="GetTxt" library="common">
<arguments>
<arg>${priceLocator}</arg>
</arguments>
<assign>
<var>${textPrice}</var>
</assign>
<kw name="Wait Until Page Contains Element" library="SeleniumLibrary">
<doc>Waits until the element ``locator`` appears on the current page.</doc>
<arguments>
<arg>${locator}</arg>
<arg>timeout=${GLOBALTIMEOUT}</arg>
</arguments>
<status status="PASS" starttime="20210720 16:39:51.732" endtime="20210720 16:39:51.746"></status>
</kw>
<kw name="Wait Until Element Is Visible" library="SeleniumLibrary">
<doc>Waits until the element ``locator`` is visible.</doc>
<arguments>
<arg>${locator}</arg>
<arg>timeout=${GLOBALTIMEOUT}</arg>
</arguments>
<status status="PASS" starttime="20210720 16:39:51.746" endtime="20210720 16:39:51.775"></status>
</kw>
<kw name="Get Text" library="SeleniumLibrary">
<doc>Returns the text value of the element identified by ``locator``.</doc>
<arguments>
<arg>${locator}</arg>
</arguments>
<assign>
<var>${text}</var>
</assign>
<msg timestamp="20210720 16:39:51.797" level="INFO">${text} = 20,900</msg>
<status status="PASS" starttime="20210720 16:39:51.775" endtime="20210720 16:39:51.797"></status>
</kw>
<kw name="Log" library="BuiltIn">
<doc>Logs the given message with the given level.</doc>
<arguments>
<arg>${text}</arg>
</arguments>
<msg timestamp="20210720 16:39:51.797" level="INFO">20,900</msg>
<status status="PASS" starttime="20210720 16:39:51.797" endtime="20210720 16:39:51.797"></status>
</kw>
<msg timestamp="20210720 16:39:51.797" level="INFO">${textPrice} = 20,900</msg>
<status status="PASS" starttime="20210720 16:39:51.732" endtime="20210720 16:39:51.797"></status>
</kw>
<kw name="Replace String" library="String">
<doc>Replaces ``search_for`` in the given ``string`` with ``replace_with``.</doc>
<arguments>
<arg>${textPrice}</arg>
<arg>,</arg>
<arg>.</arg>
</arguments>
<assign>
<var>${textPrice_}</var>
</assign>
<msg timestamp="20210720 16:39:51.797" level="INFO">${textPrice_} = 20.900</msg>
<status status="PASS" starttime="20210720 16:39:51.797" endtime="20210720 16:39:51.797"></status>
</kw>
<kw name="Convert To Number" library="BuiltIn">
<doc>Converts the given item to a floating point number.</doc>
<arguments>
<arg>${textPrice}</arg>
</arguments>
<assign>
<var>${numberPrice}</var>
</assign>
<msg timestamp="20210720 16:39:51.798" level="INFO">${numberPrice} = 20.9</msg>
<status status="PASS" starttime="20210720 16:39:51.798" endtime="20210720 16:39:51.798"></status>
</kw>
<kw name="Should Be True" library="BuiltIn">
<doc>Fails if the given condition is not true.</doc>
<arguments>
<arg>${numberPrice}&gt;0</arg>
<arg>There are some products that has zero price.</arg>
</arguments>
<status status="PASS" starttime="20210720 16:39:51.798" endtime="20210720 16:39:51.798"></status>
</kw>
<status status="PASS" starttime="20210720 16:39:51.731" endtime="20210720 16:39:51.798"></status>
</kw>
<kw name="${index} = 4" type="foritem">
<kw name="Convert To String" library="BuiltIn">
<doc>Converts the given item to a Unicode string.</doc>
<arguments>
<arg>${index}+1</arg>
</arguments>
<assign>
<var>${strIndex}</var>
</assign>
<msg timestamp="20210720 16:39:51.798" level="INFO">${strIndex} = 4+1</msg>
<status status="PASS" starttime="20210720 16:39:51.798" endtime="20210720 16:39:51.799"></status>
</kw>
<kw name="Format String" library="String">
<doc>Formats a ``template`` using the given ``positional`` and ``named`` arguments.</doc>
<arguments>
<arg>${homePageLocator.txtPrice}</arg>
<arg>position=${strIndex}</arg>
</arguments>
<assign>
<var>${priceLocator}</var>
</assign>
<msg timestamp="20210720 16:39:51.799" level="INFO">${priceLocator} = xpath=(//span[@data-testid='txt-price'])[4+1]</msg>
<status status="PASS" starttime="20210720 16:39:51.799" endtime="20210720 16:39:51.799"></status>
</kw>
<kw name="GetTxt" library="common">
<arguments>
<arg>${priceLocator}</arg>
</arguments>
<assign>
<var>${textPrice}</var>
</assign>
<kw name="Wait Until Page Contains Element" library="SeleniumLibrary">
<doc>Waits until the element ``locator`` appears on the current page.</doc>
<arguments>
<arg>${locator}</arg>
<arg>timeout=${GLOBALTIMEOUT}</arg>
</arguments>
<status status="PASS" starttime="20210720 16:39:51.799" endtime="20210720 16:39:51.859"></status>
</kw>
<kw name="Wait Until Element Is Visible" library="SeleniumLibrary">
<doc>Waits until the element ``locator`` is visible.</doc>
<arguments>
<arg>${locator}</arg>
<arg>timeout=${GLOBALTIMEOUT}</arg>
</arguments>
<status status="PASS" starttime="20210720 16:39:51.859" endtime="20210720 16:39:51.880"></status>
</kw>
<kw name="Get Text" library="SeleniumLibrary">
<doc>Returns the text value of the element identified by ``locator``.</doc>
<arguments>
<arg>${locator}</arg>
</arguments>
<assign>
<var>${text}</var>
</assign>
<msg timestamp="20210720 16:39:51.910" level="INFO">${text} = 18,900</msg>
<status status="PASS" starttime="20210720 16:39:51.880" endtime="20210720 16:39:51.910"></status>
</kw>
<kw name="Log" library="BuiltIn">
<doc>Logs the given message with the given level.</doc>
<arguments>
<arg>${text}</arg>
</arguments>
<msg timestamp="20210720 16:39:51.910" level="INFO">18,900</msg>
<status status="PASS" starttime="20210720 16:39:51.910" endtime="20210720 16:39:51.910"></status>
</kw>
<msg timestamp="20210720 16:39:51.910" level="INFO">${textPrice} = 18,900</msg>
<status status="PASS" starttime="20210720 16:39:51.799" endtime="20210720 16:39:51.910"></status>
</kw>
<kw name="Replace String" library="String">
<doc>Replaces ``search_for`` in the given ``string`` with ``replace_with``.</doc>
<arguments>
<arg>${textPrice}</arg>
<arg>,</arg>
<arg>.</arg>
</arguments>
<assign>
<var>${textPrice_}</var>
</assign>
<msg timestamp="20210720 16:39:51.911" level="INFO">${textPrice_} = 18.900</msg>
<status status="PASS" starttime="20210720 16:39:51.910" endtime="20210720 16:39:51.911"></status>
</kw>
<kw name="Convert To Number" library="BuiltIn">
<doc>Converts the given item to a floating point number.</doc>
<arguments>
<arg>${textPrice}</arg>
</arguments>
<assign>
<var>${numberPrice}</var>
</assign>
<msg timestamp="20210720 16:39:51.911" level="INFO">${numberPrice} = 18.9</msg>
<status status="PASS" starttime="20210720 16:39:51.911" endtime="20210720 16:39:51.911"></status>
</kw>
<kw name="Should Be True" library="BuiltIn">
<doc>Fails if the given condition is not true.</doc>
<arguments>
<arg>${numberPrice}&gt;0</arg>
<arg>There are some products that has zero price.</arg>
</arguments>
<status status="PASS" starttime="20210720 16:39:51.911" endtime="20210720 16:39:51.911"></status>
</kw>
<status status="PASS" starttime="20210720 16:39:51.798" endtime="20210720 16:39:51.911"></status>
</kw>
<kw name="${index} = 5" type="foritem">
<kw name="Convert To String" library="BuiltIn">
<doc>Converts the given item to a Unicode string.</doc>
<arguments>
<arg>${index}+1</arg>
</arguments>
<assign>
<var>${strIndex}</var>
</assign>
<msg timestamp="20210720 16:39:51.912" level="INFO">${strIndex} = 5+1</msg>
<status status="PASS" starttime="20210720 16:39:51.912" endtime="20210720 16:39:51.912"></status>
</kw>
<kw name="Format String" library="String">
<doc>Formats a ``template`` using the given ``positional`` and ``named`` arguments.</doc>
<arguments>
<arg>${homePageLocator.txtPrice}</arg>
<arg>position=${strIndex}</arg>
</arguments>
<assign>
<var>${priceLocator}</var>
</assign>
<msg timestamp="20210720 16:39:51.912" level="INFO">${priceLocator} = xpath=(//span[@data-testid='txt-price'])[5+1]</msg>
<status status="PASS" starttime="20210720 16:39:51.912" endtime="20210720 16:39:51.912"></status>
</kw>
<kw name="GetTxt" library="common">
<arguments>
<arg>${priceLocator}</arg>
</arguments>
<assign>
<var>${textPrice}</var>
</assign>
<kw name="Wait Until Page Contains Element" library="SeleniumLibrary">
<doc>Waits until the element ``locator`` appears on the current page.</doc>
<arguments>
<arg>${locator}</arg>
<arg>timeout=${GLOBALTIMEOUT}</arg>
</arguments>
<status status="PASS" starttime="20210720 16:39:51.913" endtime="20210720 16:39:51.929"></status>
</kw>
<kw name="Wait Until Element Is Visible" library="SeleniumLibrary">
<doc>Waits until the element ``locator`` is visible.</doc>
<arguments>
<arg>${locator}</arg>
<arg>timeout=${GLOBALTIMEOUT}</arg>
</arguments>
<status status="PASS" starttime="20210720 16:39:51.929" endtime="20210720 16:39:51.961"></status>
</kw>
<kw name="Get Text" library="SeleniumLibrary">
<doc>Returns the text value of the element identified by ``locator``.</doc>
<arguments>
<arg>${locator}</arg>
</arguments>
<assign>
<var>${text}</var>
</assign>
<msg timestamp="20210720 16:39:51.982" level="INFO">${text} = 18,900</msg>
<status status="PASS" starttime="20210720 16:39:51.961" endtime="20210720 16:39:51.982"></status>
</kw>
<kw name="Log" library="BuiltIn">
<doc>Logs the given message with the given level.</doc>
<arguments>
<arg>${text}</arg>
</arguments>
<msg timestamp="20210720 16:39:51.982" level="INFO">18,900</msg>
<status status="PASS" starttime="20210720 16:39:51.982" endtime="20210720 16:39:51.982"></status>
</kw>
<msg timestamp="20210720 16:39:51.982" level="INFO">${textPrice} = 18,900</msg>
<status status="PASS" starttime="20210720 16:39:51.912" endtime="20210720 16:39:51.982"></status>
</kw>
<kw name="Replace String" library="String">
<doc>Replaces ``search_for`` in the given ``string`` with ``replace_with``.</doc>
<arguments>
<arg>${textPrice}</arg>
<arg>,</arg>
<arg>.</arg>
</arguments>
<assign>
<var>${textPrice_}</var>
</assign>
<msg timestamp="20210720 16:39:51.983" level="INFO">${textPrice_} = 18.900</msg>
<status status="PASS" starttime="20210720 16:39:51.982" endtime="20210720 16:39:51.983"></status>
</kw>
<kw name="Convert To Number" library="BuiltIn">
<doc>Converts the given item to a floating point number.</doc>
<arguments>
<arg>${textPrice}</arg>
</arguments>
<assign>
<var>${numberPrice}</var>
</assign>
<msg timestamp="20210720 16:39:51.983" level="INFO">${numberPrice} = 18.9</msg>
<status status="PASS" starttime="20210720 16:39:51.983" endtime="20210720 16:39:51.983"></status>
</kw>
<kw name="Should Be True" library="BuiltIn">
<doc>Fails if the given condition is not true.</doc>
<arguments>
<arg>${numberPrice}&gt;0</arg>
<arg>There are some products that has zero price.</arg>
</arguments>
<status status="PASS" starttime="20210720 16:39:51.983" endtime="20210720 16:39:51.983"></status>
</kw>
<status status="PASS" starttime="20210720 16:39:51.911" endtime="20210720 16:39:51.983"></status>
</kw>
<kw name="${index} = 6" type="foritem">
<kw name="Convert To String" library="BuiltIn">
<doc>Converts the given item to a Unicode string.</doc>
<arguments>
<arg>${index}+1</arg>
</arguments>
<assign>
<var>${strIndex}</var>
</assign>
<msg timestamp="20210720 16:39:51.984" level="INFO">${strIndex} = 6+1</msg>
<status status="PASS" starttime="20210720 16:39:51.983" endtime="20210720 16:39:51.984"></status>
</kw>
<kw name="Format String" library="String">
<doc>Formats a ``template`` using the given ``positional`` and ``named`` arguments.</doc>
<arguments>
<arg>${homePageLocator.txtPrice}</arg>
<arg>position=${strIndex}</arg>
</arguments>
<assign>
<var>${priceLocator}</var>
</assign>
<msg timestamp="20210720 16:39:51.984" level="INFO">${priceLocator} = xpath=(//span[@data-testid='txt-price'])[6+1]</msg>
<status status="PASS" starttime="20210720 16:39:51.984" endtime="20210720 16:39:51.984"></status>
</kw>
<kw name="GetTxt" library="common">
<arguments>
<arg>${priceLocator}</arg>
</arguments>
<assign>
<var>${textPrice}</var>
</assign>
<kw name="Wait Until Page Contains Element" library="SeleniumLibrary">
<doc>Waits until the element ``locator`` appears on the current page.</doc>
<arguments>
<arg>${locator}</arg>
<arg>timeout=${GLOBALTIMEOUT}</arg>
</arguments>
<status status="PASS" starttime="20210720 16:39:51.985" endtime="20210720 16:39:51.998"></status>
</kw>
<kw name="Wait Until Element Is Visible" library="SeleniumLibrary">
<doc>Waits until the element ``locator`` is visible.</doc>
<arguments>
<arg>${locator}</arg>
<arg>timeout=${GLOBALTIMEOUT}</arg>
</arguments>
<status status="PASS" starttime="20210720 16:39:51.998" endtime="20210720 16:39:52.018"></status>
</kw>
<kw name="Get Text" library="SeleniumLibrary">
<doc>Returns the text value of the element identified by ``locator``.</doc>
<arguments>
<arg>${locator}</arg>
</arguments>
<assign>
<var>${text}</var>
</assign>
<msg timestamp="20210720 16:39:52.041" level="INFO">${text} = 20,900</msg>
[...]
<status status="PASS" starttime="20210720 16:40:06.113" endtime="20210720 16:40:06.113"></status>
</kw>
<msg timestamp="20210720 16:40:06.113" level="INFO">${txtLastPage} = 3</msg>
<status status="PASS" starttime="20210720 16:40:06.005" endtime="20210720 16:40:06.113"></status>
</kw>
<kw name="Convert To Number" library="BuiltIn">
<doc>Converts the given item to a floating point number.</doc>
<arguments>
<arg>${txtLastPage}</arg>
</arguments>
<assign>
<var>${lastPage}</var>
</assign>
<msg timestamp="20210720 16:40:06.113" level="INFO">${lastPage} = 3.0</msg>
<status status="PASS" starttime="20210720 16:40:06.113" endtime="20210720 16:40:06.113"></status>
</kw>
<kw name="Evaluate" library="BuiltIn">
<doc>Evaluates the given expression in Python and returns the result.</doc>
<arguments>
<arg>math.ceil(${totalProd}/${maxProdsPerPage})</arg>
</arguments>
<assign>
<var>${numOfTotalPage}</var>
</assign>
<msg timestamp="20210720 16:40:06.114" level="INFO">${numOfTotalPage} = 3</msg>
<status status="PASS" starttime="20210720 16:40:06.113" endtime="20210720 16:40:06.114"></status>
</kw>
<kw name="Run Keyword If" library="BuiltIn">
<doc>Runs the given keyword with the given arguments, if ``condition`` is true.</doc>
<arguments>
<arg>${totalProd} &gt; ${maxProdsPerPage}</arg>
<arg>Should be equal</arg>
<arg>${displayedProds}</arg>
<arg>${maxProdsPerPage}</arg>
<arg>Should be equal</arg>
<arg>${numOfTotalPage}</arg>
<arg>${lastPage}</arg>
<arg>ELSE IF</arg>
<arg>${totalProd} &lt; ${maxProdsPerPage}</arg>
<arg>Should be equal</arg>
<arg>${displayedProds}</arg>
<arg>${totalProd}</arg>
<arg>Should be equal</arg>
<arg>1</arg>
<arg>${lastPage}</arg>
</arguments>
<kw name="Should Be Equal" library="BuiltIn">
<doc>Fails if the given objects are unequal.</doc>
<arguments>
<arg>${displayedProds}</arg>
<arg>${maxProdsPerPage}</arg>
<arg>Should be equal</arg>
<arg>${numOfTotalPage}</arg>
<arg>${lastPage}</arg>
</arguments>
<msg timestamp="20210720 16:40:06.114" level="INFO">Argument types are:
&lt;class 'int'&gt;
&lt;class 'float'&gt;</msg>
<status status="PASS" starttime="20210720 16:40:06.114" endtime="20210720 16:40:06.114"></status>
</kw>
<status status="PASS" starttime="20210720 16:40:06.114" endtime="20210720 16:40:06.114"></status>
</kw>
<status status="PASS" starttime="20210720 16:40:01.515" endtime="20210720 16:40:06.115"></status>
</kw>
<status status="PASS" starttime="20210720 16:39:47.963" endtime="20210720 16:40:06.115"></status>
</kw>
<status status="PASS" starttime="20210720 16:39:47.962" endtime="20210720 16:40:06.115"></status>
</kw>
<status status="PASS" starttime="20210720 16:39:41.733" endtime="20210720 16:40:06.115"></status>
</kw>
<status status="PASS" starttime="20210720 16:39:03.125" endtime="20210720 16:40:06.115" critical="yes"></status>
</test>
<test id="s1-t3" name="Test Case 3: Verify search by user input keyword which has NO matched products">
<kw name="Open" library="common" type="setup">
<arguments>
<arg>${testdata.url}</arg>
<arg>Chrome</arg>
</arguments>
<kw name="Open Browser" library="SeleniumLibrary">
<doc>Opens a new browser instance to the optional ``url``.</doc>
<arguments>
<arg>${URL}</arg>
<arg>${BROWSER}</arg>
</arguments>
<msg timestamp="20210720 16:40:06.120" level="INFO">Opening browser 'Chrome' to base url 'https://www.powerbuy.co.th/en'.</msg>
<status status="PASS" starttime="20210720 16:40:06.119" endtime="20210720 16:40:43.514"></status>
</kw>
<kw name="Maximize Browser Window" library="SeleniumLibrary">
<doc>Maximizes current browser window.</doc>
<status status="PASS" starttime="20210720 16:40:43.514" endtime="20210720 16:40:44.366"></status>
</kw>
<status status="PASS" starttime="20210720 16:40:06.117" endtime="20210720 16:40:44.366"></status>
</kw>
<kw name="Get random keyword from testdata" library="common">
<arguments>
<arg>nonResultSearchKeyword.txt</arg>
</arguments>
<assign>
<var>${keyword}</var>
</assign>
<kw name="Get File" library="OperatingSystem">
<doc>Returns the contents of a specified file.</doc>
<arguments>
<arg>${EXECDIR}/resources/${language}/testdata/${fileName}</arg>
</arguments>
<assign>
<var>${txtFile}</var>
</assign>
<msg timestamp="20210720 16:40:44.371" level="INFO" html="yes">Getting file '&lt;a href="file://C:\Users\sonpt2\Desktop\PowerBuyE2E\resources\EN\testdata\nonResultSearchKeyword.txt"&gt;C:\Users\sonpt2\Desktop\PowerBuyE2E\resources\EN\testdata\nonResultSearchKeyword.txt&lt;/a&gt;'.</msg>
<msg timestamp="20210720 16:40:44.371" level="INFO">${txtFile} = abc ghy zzz</msg>
<status status="PASS" starttime="20210720 16:40:44.370" endtime="20210720 16:40:44.371"></status>
</kw>
<kw name="Split To Lines" library="String">
<doc>Splits the given string to lines.</doc>
<arguments>
<arg>${txtFile}</arg>
</arguments>
<assign>
<var>@{lines}</var>
</assign>
<msg timestamp="20210720 16:40:44.371" level="INFO">1 lines returned</msg>
<msg timestamp="20210720 16:40:44.371" level="INFO">@{lines} = [ abc ghy zzz ]</msg>
<status status="PASS" starttime="20210720 16:40:44.371" endtime="20210720 16:40:44.372"></status>
</kw>
<kw name="Evaluate" library="BuiltIn">
<doc>Evaluates the given expression in Python and returns the result.</doc>
<arguments>
<arg>random.choice(@{lines})</arg>
<arg>random</arg>
</arguments>
<assign>
<var>${keyword}</var>
</assign>
<msg timestamp="20210720 16:40:44.372" level="INFO">${keyword} = abc ghy zzz</msg>
<status status="PASS" starttime="20210720 16:40:44.372" endtime="20210720 16:40:44.372"></status>
</kw>
<kw name="Log To Console" library="BuiltIn">
<doc>Logs the given message to the console.</doc>
<arguments>
<arg>Keyword for searching: ${keyword}</arg>
</arguments>
<status status="PASS" starttime="20210720 16:40:44.372" endtime="20210720 16:40:44.373"></status>
</kw>
<msg timestamp="20210720 16:40:44.373" level="INFO">${keyword} = abc ghy zzz</msg>
<status status="PASS" starttime="20210720 16:40:44.370" endtime="20210720 16:40:44.373"></status>
</kw>
<kw name="Verify searching by user input" library="homePage">
<arguments>
<arg>${keyword}</arg>
</arguments>
<kw name="Click" library="common">
<arguments>
<arg>${homePageLocator.inputSearch}</arg>
</arguments>
<kw name="Wait Until Page Contains Element" library="SeleniumLibrary">
<doc>Waits until the element ``locator`` appears on the current page.</doc>
<arguments>
<arg>${locator}</arg>
<arg>timeout=${GLOBALTIMEOUT}</arg>
</arguments>
<status status="PASS" starttime="20210720 16:40:44.375" endtime="20210720 16:40:44.581"></status>
</kw>
<kw name="Wait Until Element Is Visible" library="SeleniumLibrary">
<doc>Waits until the element ``locator`` is visible.</doc>
<arguments>
<arg>${locator}</arg>
<arg>timeout=${GLOBALTIMEOUT}</arg>
</arguments>
<status status="PASS" starttime="20210720 16:40:44.581" endtime="20210720 16:40:44.677"></status>
</kw>
<kw name="Click Element" library="SeleniumLibrary">
<doc>Click the element identified by ``locator``.</doc>
<arguments>
<arg>${locator}</arg>
</arguments>
<msg timestamp="20210720 16:40:44.677" level="INFO">Clicking element 'xpath=//div[contains(@class, 'Media__HideMobile')]//input[@id='txt-searchBox-input']'.</msg>
<status status="PASS" starttime="20210720 16:40:44.677" endtime="20210720 16:40:44.813"></status>
</kw>
<status status="PASS" starttime="20210720 16:40:44.374" endtime="20210720 16:40:44.813"></status>
</kw>
<kw name="SendKeyToElement" library="common">
<arguments>
<arg>${homePageLocator.inputSearch}</arg>
<arg>${keyword}</arg>
</arguments>
<kw name="Press Keys" library="SeleniumLibrary">
<doc>Simulates the user pressing key(s) to an element or on the active browser.</doc>
<arguments>
<arg>${locator}</arg>
<arg>${keys}</arg>
</arguments>
<msg timestamp="20210720 16:40:44.814" level="INFO">Sending key(s) ('abc ghy zzz',) to xpath=//div[contains(@class, 'Media__HideMobile')]//input[@id='txt-searchBox-input'] element.</msg>
<msg timestamp="20210720 16:40:45.648" level="INFO">Sending keys abc ghy zzz</msg>
<status status="PASS" starttime="20210720 16:40:44.814" endtime="20210720 16:40:45.891"></status>
</kw>
<status status="PASS" starttime="20210720 16:40:44.813" endtime="20210720 16:40:45.891"></status>
</kw>
<kw name="Wait for visibility of Element" library="common">
<arguments>
<arg>${homePageLocator.defaultSuggestContainer}</arg>
</arguments>
<kw name="Wait Until Page Contains Element" library="SeleniumLibrary">
<doc>Waits until the element ``locator`` appears on the current page.</doc>
<arguments>
<arg>${locator}</arg>
<arg>timeout=${GLOBALTIMEOUT}</arg>
</arguments>
<status status="PASS" starttime="20210720 16:40:45.892" endtime="20210720 16:40:45.915"></status>
</kw>
<kw name="Wait Until Element Is Visible" library="SeleniumLibrary">
<doc>Waits until the element ``locator`` is visible.</doc>
<arguments>
<arg>${locator}</arg>
<arg>timeout=${GLOBALTIMEOUT}</arg>
</arguments>
<status status="PASS" starttime="20210720 16:40:45.916" endtime="20210720 16:40:45.942"></status>
</kw>
<status status="PASS" starttime="20210720 16:40:45.891" endtime="20210720 16:40:45.942"></status>
</kw>
<kw name="Sleep" library="BuiltIn">
<doc>Pauses the test executed for the given time.</doc>
<arguments>
<arg>5s</arg>
</arguments>
<msg timestamp="20210720 16:40:50.951" level="INFO">Slept 5 seconds</msg>
<status status="PASS" starttime="20210720 16:40:45.943" endtime="20210720 16:40:50.951"></status>
</kw>
<kw name="Get WebElements" library="SeleniumLibrary">
<doc>Returns a list of WebElement objects matching the ``locator``.</doc>
<arguments>
<arg>${homePageLocator.defaultSuggestItem}</arg>
</arguments>
<assign>
<var>${list}</var>
</assign>
<msg timestamp="20210720 16:40:50.985" level="INFO">${list} = []</msg>
<status status="PASS" starttime="20210720 16:40:50.952" endtime="20210720 16:40:50.985"></status>
</kw>
<kw name="Get Length" library="BuiltIn">
<doc>Returns and logs the length of the given item as an integer.</doc>
<arguments>
<arg>${list}</arg>
</arguments>
<assign>
<var>${number_item}</var>
</assign>
<msg timestamp="20210720 16:40:50.986" level="INFO">Length is 0</msg>
<msg timestamp="20210720 16:40:50.986" level="INFO">${number_item} = 0</msg>
<status status="PASS" starttime="20210720 16:40:50.985" endtime="20210720 16:40:50.986"></status>
</kw>
<kw name="Run Keyword If" library="BuiltIn">
<doc>Runs the given keyword with the given arguments, if ``condition`` is true.</doc>
<arguments>
<arg>${number_item} &gt; 0</arg>
<arg>Verify search result</arg>
<arg>${keyword}</arg>
<arg>${number_item}</arg>
<arg>ELSE</arg>
<arg>Click search button and verify search result empty</arg>
<arg>${keyword}</arg>
</arguments>
<kw name="Click search button and verify search result empty" library="homePage">
<arguments>
<arg>${keyword}</arg>
</arguments>
<kw name="Click" library="common">
<arguments>
<arg>${homePageLocator.searchButton}</arg>
</arguments>
<kw name="Wait Until Page Contains Element" library="SeleniumLibrary">
<doc>Waits until the element ``locator`` appears on the current page.</doc>
<arguments>
<arg>${locator}</arg>
<arg>timeout=${GLOBALTIMEOUT}</arg>
</arguments>
<status status="PASS" starttime="20210720 16:40:50.988" endtime="20210720 16:40:51.006"></status>
</kw>
<kw name="Wait Until Element Is Visible" library="SeleniumLibrary">
<doc>Waits until the element ``locator`` is visible.</doc>
<arguments>
<arg>${locator}</arg>
<arg>timeout=${GLOBALTIMEOUT}</arg>
</arguments>
<status status="PASS" starttime="20210720 16:40:51.006" endtime="20210720 16:40:51.031"></status>
</kw>
<kw name="Click Element" library="SeleniumLibrary">
<doc>Click the element identified by ``locator``.</doc>
<arguments>
<arg>${locator}</arg>
</arguments>
<msg timestamp="20210720 16:40:51.031" level="INFO">Clicking element 'xpath=//div[contains(@class, 'HideMobile')]//button[@id='btn-searchBox-input']//img'.</msg>
<status status="PASS" starttime="20210720 16:40:51.031" endtime="20210720 16:40:51.440"></status>
</kw>
<status status="PASS" starttime="20210720 16:40:50.987" endtime="20210720 16:40:51.440"></status>
</kw>
<kw name="Verify search result page displayed" library="homePage">
<kw name="Wait for visibility of Element" library="common">
<arguments>
<arg>${homePageLocator.searchResultTitle}</arg>
</arguments>
<kw name="Wait Until Page Contains Element" library="SeleniumLibrary">
<doc>Waits until the element ``locator`` appears on the current page.</doc>
<arguments>
<arg>${locator}</arg>
<arg>timeout=${GLOBALTIMEOUT}</arg>
</arguments>
<status status="PASS" starttime="20210720 16:40:51.441" endtime="20210720 16:40:51.700"></status>
</kw>
<kw name="Wait Until Element Is Visible" library="SeleniumLibrary">
<doc>Waits until the element ``locator`` is visible.</doc>
<arguments>
<arg>${locator}</arg>
<arg>timeout=${GLOBALTIMEOUT}</arg>
</arguments>
<status status="PASS" starttime="20210720 16:40:51.701" endtime="20210720 16:40:51.724"></status>
</kw>
<status status="PASS" starttime="20210720 16:40:51.440" endtime="20210720 16:40:51.724"></status>
</kw>
<status status="PASS" starttime="20210720 16:40:51.440" endtime="20210720 16:40:51.724"></status>
</kw>
<kw name="Wait for loading indicator to disapear" library="homePage">
<kw name="Wait Until Page Does Not Contain Element" library="SeleniumLibrary">
<doc>Waits until the element ``locator`` disappears from the current page.</doc>
<arguments>
<arg>${homePageLocator.loadingIndicator}</arg>
<arg>timeout=${GLOBALTIMEOUT}</arg>
</arguments>
<status status="PASS" starttime="20210720 16:40:51.725" endtime="20210720 16:40:51.735"></status>
</kw>
<status status="PASS" starttime="20210720 16:40:51.725" endtime="20210720 16:40:51.735"></status>
</kw>
<kw name="GetTxt" library="common">
<arguments>
<arg>${homePageLocator.searchResultTitle}</arg>
</arguments>
<assign>
<var>${title}</var>
</assign>
<kw name="Wait Until Page Contains Element" library="SeleniumLibrary">
<doc>Waits until the element ``locator`` appears on the current page.</doc>
<arguments>
<arg>${locator}</arg>
<arg>timeout=${GLOBALTIMEOUT}</arg>
</arguments>
<status status="PASS" starttime="20210720 16:40:51.736" endtime="20210720 16:40:51.742"></status>
</kw>
<kw name="Wait Until Element Is Visible" library="SeleniumLibrary">
<doc>Waits until the element ``locator`` is visible.</doc>
<arguments>
<arg>${locator}</arg>
<arg>timeout=${GLOBALTIMEOUT}</arg>
</arguments>
<status status="PASS" starttime="20210720 16:40:51.742" endtime="20210720 16:40:51.762"></status>
</kw>
<kw name="Get Text" library="SeleniumLibrary">
<doc>Returns the text value of the element identified by ``locator``.</doc>
<arguments>
<arg>${locator}</arg>
</arguments>
<assign>
<var>${text}</var>
</assign>
<msg timestamp="20210720 16:40:51.779" level="INFO">${text} = Results for "abc ghy zzz"</msg>
<status status="PASS" starttime="20210720 16:40:51.762" endtime="20210720 16:40:51.779"></status>
</kw>
<kw name="Log" library="BuiltIn">
<doc>Logs the given message with the given level.</doc>
<arguments>
<arg>${text}</arg>
</arguments>
<msg timestamp="20210720 16:40:51.780" level="INFO">Results for "abc ghy zzz"</msg>
<status status="PASS" starttime="20210720 16:40:51.780" endtime="20210720 16:40:51.780"></status>
</kw>
<msg timestamp="20210720 16:40:51.780" level="INFO">${title} = Results for "abc ghy zzz"</msg>
<status status="PASS" starttime="20210720 16:40:51.736" endtime="20210720 16:40:51.780"></status>
</kw>
<kw name="Should Be Equal" library="BuiltIn">
<doc>Fails if the given objects are unequal.</doc>
<arguments>
<arg>${title}</arg>
<arg>Results for "${keyword}"</arg>
<arg>Search result page is not shows result for ${keyword}</arg>
</arguments>
<status status="PASS" starttime="20210720 16:40:51.780" endtime="20210720 16:40:51.780"></status>
</kw>
<kw name="GetTxt" library="common">
<arguments>
<arg>${homePageLocator.searchNotFoundTxt}</arg>
</arguments>
<assign>
<var>${txtSearchNotFound}</var>
</assign>
<kw name="Wait Until Page Contains Element" library="SeleniumLibrary">
<doc>Waits until the element ``locator`` appears on the current page.</doc>
<arguments>
<arg>${locator}</arg>
<arg>timeout=${GLOBALTIMEOUT}</arg>
</arguments>
<status status="PASS" starttime="20210720 16:40:51.781" endtime="20210720 16:40:51.791"></status>
</kw>
<kw name="Wait Until Element Is Visible" library="SeleniumLibrary">
<doc>Waits until the element ``locator`` is visible.</doc>
<arguments>
<arg>${locator}</arg>
<arg>timeout=${GLOBALTIMEOUT}</arg>
</arguments>
<status status="PASS" starttime="20210720 16:40:51.792" endtime="20210720 16:40:51.808"></status>
</kw>
<kw name="Get Text" library="SeleniumLibrary">
<doc>Returns the text value of the element identified by ``locator``.</doc>
<arguments>
<arg>${locator}</arg>
</arguments>
<assign>
<var>${text}</var>
</assign>
<msg timestamp="20210720 16:40:51.824" level="INFO">${text} = Oops! Your search "abc ghy zzz" did not match any products.</msg>
<status status="PASS" starttime="20210720 16:40:51.808" endtime="20210720 16:40:51.824"></status>
</kw>
<kw name="Log" library="BuiltIn">
<doc>Logs the given message with the given level.</doc>
<arguments>
<arg>${text}</arg>
</arguments>
<msg timestamp="20210720 16:40:51.824" level="INFO">Oops! Your search "abc ghy zzz" did not match any products.</msg>
<status status="PASS" starttime="20210720 16:40:51.824" endtime="20210720 16:40:51.824"></status>
</kw>
<msg timestamp="20210720 16:40:51.824" level="INFO">${txtSearchNotFound} = Oops! Your search "abc ghy zzz" did not match any products.</msg>
<status status="PASS" starttime="20210720 16:40:51.780" endtime="20210720 16:40:51.824"></status>
</kw>
<kw name="Should Be Equal" library="BuiltIn">
<doc>Fails if the given objects are unequal.</doc>
<arguments>
<arg>${txtSearchNotFound}</arg>
<arg>Oops! Your search "${keyword}" did not match any products.</arg>
<arg>Message</arg>
<arg>not correct for keyword '${keyword}'. Message: ${txtSearchNotFound}</arg>
</arguments>
<status status="PASS" starttime="20210720 16:40:51.824" endtime="20210720 16:40:51.825"></status>
</kw>
<kw name="Wait until elem is not visible" library="common">
<arguments>
<arg>${homePageLocator.product}</arg>
</arguments>
<kw name="Wait Until Element Is Not Visible" library="SeleniumLibrary">
<doc>Waits until the element ``locator`` is not visible.</doc>
<arguments>
<arg>${locator}</arg>
</arguments>
<status status="PASS" starttime="20210720 16:40:51.825" endtime="20210720 16:40:51.836"></status>
</kw>
<status status="PASS" starttime="20210720 16:40:51.825" endtime="20210720 16:40:51.836"></status>
</kw>
<status status="PASS" starttime="20210720 16:40:50.987" endtime="20210720 16:40:51.836"></status>
</kw>
<status status="PASS" starttime="20210720 16:40:50.986" endtime="20210720 16:40:51.836"></status>
</kw>
<status status="PASS" starttime="20210720 16:40:44.373" endtime="20210720 16:40:51.836"></status>
</kw>
<status status="PASS" starttime="20210720 16:40:06.117" endtime="20210720 16:40:51.837" critical="yes"></status>
</test>
<kw name="Close All Browsers" library="SeleniumLibrary" type="teardown">
<doc>Closes all open browsers and resets the browser cache.</doc>
<status status="PASS" starttime="20210720 16:40:51.839" endtime="20210720 16:40:58.426"></status>
</kw>
<status status="FAIL" starttime="20210720 16:38:04.508" endtime="20210720 16:40:58.426"></status>
</suite>
<statistics>
<total>
<stat pass="2" fail="1">Critical Tests</stat>
<stat pass="2" fail="1">All Tests</stat>
</total>
<tag>
</tag>
<suite>
<stat pass="2" fail="1" id="s1" name="Powerbuy">Powerbuy</stat>
</suite>
</statistics>
<errors>
</errors>
</robot>
